#
# There is insufficient memory for the Java Runtime Environment to continue.
# Native memory allocation (malloc) failed to allocate 1063056 bytes for Chunk::new
# Possible reasons:
#   The system is out of physical RAM or swap space
#   The process is running with CompressedOops enabled, and the Java Heap may be blocking the growth of the native heap
# Possible solutions:
#   Reduce memory load on the system
#   Increase physical memory or swap space
#   Check if swap backing store is full
#   Decrease Java heap size (-Xmx/-Xms)
#   Decrease number of Java threads
#   Decrease Java thread stack sizes (-Xss)
#   Set larger code cache with -XX:ReservedCodeCacheSize=
#   JVM is running with Unscaled Compressed Oops mode in which the Java heap is
#     placed in the first 4GB address space. The Java Heap base address is the
#     maximum limit for the native heap growth. Please use -XX:HeapBaseMinAddress
#     to set the Java Heap base and to place the Java Heap above 4GB virtual address.
# This output file may be truncated or incomplete.
#
#  Out of Memory Error (arena.cpp:166), pid=4760, tid=12416
#
# JRE version: OpenJDK Runtime Environment (21.0+35) (build 21+35-2513)
# Java VM: OpenJDK 64-Bit Server VM (21+35-2513, mixed mode, sharing, tiered, compressed oops, compressed class ptrs, g1 gc, windows-amd64)
# No core dump will be written. Minidumps are not enabled by default on client versions of Windows
#

---------------  S U M M A R Y ------------

Command Line: --add-opens=java.base/java.util=ALL-UNNAMED --add-opens=java.base/java.lang=ALL-UNNAMED --add-opens=java.base/java.lang.invoke=ALL-UNNAMED --add-opens=java.prefs/java.util.prefs=ALL-UNNAMED --add-opens=java.base/java.nio.charset=ALL-UNNAMED --add-opens=java.base/java.net=ALL-UNNAMED --add-opens=java.base/java.util.concurrent.atomic=ALL-UNNAMED -XX:MaxMetaspaceSize=384m -XX:+HeapDumpOnOutOfMemoryError -Xms256m -Xmx512m -Dfile.encoding=windows-1251 -Duser.country=US -Duser.language=en -Duser.variant -javaagent:C:\Users\79511\.gradle\wrapper\dists\gradle-8.7-bin\bhs2wmbdwecv87pi65oeuq5iu\gradle-8.7\lib\agents\gradle-instrumentation-agent-8.7.jar org.gradle.launcher.daemon.bootstrap.GradleDaemon 8.7

Host: 11th Gen Intel(R) Core(TM) i3-1115G4 @ 3.00GHz, 4 cores, 7G,  Windows 11 , 64 bit Build 22621 (10.0.22621.3374)
Time: Thu Apr 25 16:28:51 2024 RTZ 2 (s 11 , 64 bit Build 22621 (10.0.22621.3374) elapsed time: 19.684896 seconds (0d 0h 0m 19s)

---------------  T H R E A D  ---------------

Current thread (0x00000181226b16e0):  JavaThread "C2 CompilerThread0" daemon [_thread_in_native, id=12416, stack(0x0000006fafc00000,0x0000006fafd00000) (1024K)]


Current CompileTask:
C2:  19684 6692       4       java.lang.invoke.InvokerBytecodeGenerator::addMethod (725 bytes)

Stack: [0x0000006fafc00000,0x0000006fafd00000]
Native frames: (J=compiled Java code, j=interpreted, Vv=VM code, C=native code)
V  [jvm.dll+0x6c8d39]
V  [jvm.dll+0x854091]
V  [jvm.dll+0x85630e]
V  [jvm.dll+0x8569e3]
V  [jvm.dll+0x2809a6]
V  [jvm.dll+0xc3e6d]
V  [jvm.dll+0xc4383]
V  [jvm.dll+0x3b551c]
V  [jvm.dll+0x1e1fa9]
V  [jvm.dll+0x249952]
V  [jvm.dll+0x248de1]
V  [jvm.dll+0x1c9b91]
V  [jvm.dll+0x2583e9]
V  [jvm.dll+0x2569ca]
V  [jvm.dll+0x3eef66]
V  [jvm.dll+0x7fd2c8]
V  [jvm.dll+0x6c748d]
C  [ucrtbase.dll+0x29333]
C  [KERNEL32.DLL+0x1257d]
C  [ntdll.dll+0x5aa48]


---------------  P R O C E S S  ---------------

Threads class SMR info:
_java_thread_list=0x000001813f68f9c0, length=45, elements={
0x00000181083497e0, 0x00000181226a8cb0, 0x00000181226a9b80, 0x00000181226ab8b0,
0x00000181226ad480, 0x00000181226adee0, 0x00000181226ae940, 0x00000181226b16e0,
0x00000181227f8070, 0x0000018122891270, 0x0000018122a14060, 0x000001813d3304a0,
0x000001813d2508e0, 0x000001813ca91cb0, 0x000001813c184d00, 0x00000181228314e0,
0x000001813ca70f10, 0x000001813d4acf40, 0x000001813c9a00f0, 0x000001813c9a0780,
0x000001813c99f3d0, 0x000001813c9a14a0, 0x000001813c99e020, 0x000001813c99fa60,
0x000001813c9a0e10, 0x000001813c99ed40, 0x000001813e4df5b0, 0x000001813e4e1d10,
0x000001813e4ddb70, 0x000001813e4dd4e0, 0x000001813e4dce50, 0x000001813e4dfc40,
0x000001813e4e02d0, 0x000001813e4de200, 0x000001813e4e2a30, 0x000001813e4de890,
0x000001813e4dc130, 0x000001813e4dbaa0, 0x000001813df216a0, 0x000001813df1fc60,
0x000001813df1ef40, 0x000001813df1f5d0, 0x000001813df1e8b0, 0x000001813df20980,
0x000001813df21010
}

Java Threads: ( => current thread )
  0x00000181083497e0 JavaThread "main"                              [_thread_blocked, id=5928, stack(0x0000006faee00000,0x0000006faef00000) (1024K)]
  0x00000181226a8cb0 JavaThread "Reference Handler"          daemon [_thread_blocked, id=6312, stack(0x0000006faf600000,0x0000006faf700000) (1024K)]
  0x00000181226a9b80 JavaThread "Finalizer"                  daemon [_thread_blocked, id=7680, stack(0x0000006faf700000,0x0000006faf800000) (1024K)]
  0x00000181226ab8b0 JavaThread "Signal Dispatcher"          daemon [_thread_blocked, id=2920, stack(0x0000006faf800000,0x0000006faf900000) (1024K)]
  0x00000181226ad480 JavaThread "Attach Listener"            daemon [_thread_blocked, id=4032, stack(0x0000006faf900000,0x0000006fafa00000) (1024K)]
  0x00000181226adee0 JavaThread "Service Thread"             daemon [_thread_blocked, id=11036, stack(0x0000006fafa00000,0x0000006fafb00000) (1024K)]
  0x00000181226ae940 JavaThread "Monitor Deflation Thread"   daemon [_thread_blocked, id=19172, stack(0x0000006fafb00000,0x0000006fafc00000) (1024K)]
=>0x00000181226b16e0 JavaThread "C2 CompilerThread0"         daemon [_thread_in_native, id=12416, stack(0x0000006fafc00000,0x0000006fafd00000) (1024K)]
  0x00000181227f8070 JavaThread "C1 CompilerThread0"         daemon [_thread_blocked, id=19064, stack(0x0000006fafd00000,0x0000006fafe00000) (1024K)]
  0x0000018122891270 JavaThread "Common-Cleaner"             daemon [_thread_blocked, id=19896, stack(0x0000006fafe00000,0x0000006faff00000) (1024K)]
  0x0000018122a14060 JavaThread "Notification Thread"        daemon [_thread_blocked, id=19940, stack(0x0000006faff00000,0x0000006fb0000000) (1024K)]
  0x000001813d3304a0 JavaThread "Daemon health stats"               [_thread_blocked, id=9472, stack(0x0000006fb0000000,0x0000006fb0100000) (1024K)]
  0x000001813d2508e0 JavaThread "Incoming local TCP Connector on port 54359"        [_thread_in_native, id=11540, stack(0x0000006fb0400000,0x0000006fb0500000) (1024K)]
  0x000001813ca91cb0 JavaThread "Daemon periodic checks"            [_thread_blocked, id=12708, stack(0x0000006fb0500000,0x0000006fb0600000) (1024K)]
  0x000001813c184d00 JavaThread "Daemon"                            [_thread_blocked, id=12672, stack(0x0000006fb0600000,0x0000006fb0700000) (1024K)]
  0x00000181228314e0 JavaThread "Handler for socket connection from /127.0.0.1:54359 to /127.0.0.1:54360"        [_thread_in_native, id=9508, stack(0x0000006fb0700000,0x0000006fb0800000) (1024K)]
  0x000001813ca70f10 JavaThread "Cancel handler"                    [_thread_blocked, id=10120, stack(0x0000006fb0800000,0x0000006fb0900000) (1024K)]
  0x000001813d4acf40 JavaThread "Daemon worker"                     [_thread_blocked, id=10104, stack(0x0000006fb0900000,0x0000006fb0a00000) (1024K)]
  0x000001813c9a00f0 JavaThread "Asynchronous log dispatcher for DefaultDaemonConnection: socket connection from /127.0.0.1:54359 to /127.0.0.1:54360"        [_thread_blocked, id=10592, stack(0x0000006fb0a00000,0x0000006fb0b00000) (1024K)]
  0x000001813c9a0780 JavaThread "Stdin handler"                     [_thread_blocked, id=12112, stack(0x0000006fb0b00000,0x0000006fb0c00000) (1024K)]
  0x000001813c99f3d0 JavaThread "Daemon client event forwarder"        [_thread_blocked, id=5116, stack(0x0000006fb0c00000,0x0000006fb0d00000) (1024K)]
  0x000001813c9a14a0 JavaThread "Cache worker for journal cache (C:\Users\79511\.gradle\caches\journal-1)"        [_thread_blocked, id=6348, stack(0x0000006fb0d00000,0x0000006fb0e00000) (1024K)]
  0x000001813c99e020 JavaThread "File lock request listener"        [_thread_in_native, id=9364, stack(0x0000006fb0e00000,0x0000006fb0f00000) (1024K)]
  0x000001813c99fa60 JavaThread "Cache worker for file hash cache (C:\Users\79511\.gradle\caches\8.7\fileHashes)"        [_thread_blocked, id=11160, stack(0x0000006fb0f00000,0x0000006fb1000000) (1024K)]
  0x000001813c9a0e10 JavaThread "Cache worker for file hash cache (D:\skrepysh9000\skrepysh-backend\.gradle\8.7\fileHashes)"        [_thread_blocked, id=13992, stack(0x0000006fb1000000,0x0000006fb1100000) (1024K)]
  0x000001813c99ed40 JavaThread "File watcher server"        daemon [_thread_in_native, id=5336, stack(0x0000006fb1100000,0x0000006fb1200000) (1024K)]
  0x000001813e4df5b0 JavaThread "File watcher consumer"      daemon [_thread_blocked, id=4756, stack(0x0000006fb1200000,0x0000006fb1300000) (1024K)]
  0x000001813e4e1d10 JavaThread "jar transforms"                    [_thread_blocked, id=7384, stack(0x0000006fb1300000,0x0000006fb1400000) (1024K)]
  0x000001813e4ddb70 JavaThread "jar transforms Thread 2"           [_thread_blocked, id=18956, stack(0x0000006fb1400000,0x0000006fb1500000) (1024K)]
  0x000001813e4dd4e0 JavaThread "jar transforms Thread 3"           [_thread_blocked, id=18896, stack(0x0000006fb1500000,0x0000006fb1600000) (1024K)]
  0x000001813e4dce50 JavaThread "jar transforms Thread 4"           [_thread_blocked, id=5364, stack(0x0000006fb1600000,0x0000006fb1700000) (1024K)]
  0x000001813e4dfc40 JavaThread "Cache worker for checksums cache (D:\skrepysh9000\skrepysh-backend\.gradle\8.7\checksums)"        [_thread_blocked, id=18504, stack(0x0000006fb1700000,0x0000006fb1800000) (1024K)]
  0x000001813e4e02d0 JavaThread "Cache worker for cache directory md-supplier (C:\Users\79511\.gradle\caches\8.7\md-supplier)"        [_thread_blocked, id=1516, stack(0x0000006fb1800000,0x0000006fb1900000) (1024K)]
  0x000001813e4de200 JavaThread "Cache worker for cache directory md-rule (C:\Users\79511\.gradle\caches\8.7\md-rule)"        [_thread_blocked, id=11208, stack(0x0000006fb1900000,0x0000006fb1a00000) (1024K)]
  0x000001813e4e2a30 JavaThread "Cache worker for file content cache (C:\Users\79511\.gradle\caches\8.7\fileContent)"        [_thread_blocked, id=14800, stack(0x0000006fb1a00000,0x0000006fb1b00000) (1024K)]
  0x000001813e4de890 JavaThread "Unconstrained build operations"        [_thread_blocked, id=19888, stack(0x0000006fb1b00000,0x0000006fb1c00000) (1024K)]
  0x000001813e4dc130 JavaThread "Unconstrained build operations Thread 2"        [_thread_blocked, id=19672, stack(0x0000006fb1c00000,0x0000006fb1d00000) (1024K)]
  0x000001813e4dbaa0 JavaThread "Unconstrained build operations Thread 3"        [_thread_blocked, id=6252, stack(0x0000006fb1d00000,0x0000006fb1e00000) (1024K)]
  0x000001813df216a0 JavaThread "Cache worker for Build Output Cleanup Cache (D:\skrepysh9000\skrepysh-backend\.gradle\buildOutputCleanup)"        [_thread_blocked, id=10460, stack(0x0000006fb1e00000,0x0000006fb1f00000) (1024K)]
  0x000001813df1fc60 JavaThread "Unconstrained build operations Thread 4"        [_thread_blocked, id=6652, stack(0x0000006fb1f00000,0x0000006fb2000000) (1024K)]
  0x000001813df1ef40 JavaThread "Unconstrained build operations Thread 5"        [_thread_blocked, id=18284, stack(0x0000006fb2000000,0x0000006fb2100000) (1024K)]
  0x000001813df1f5d0 JavaThread "Unconstrained build operations Thread 6"        [_thread_blocked, id=2296, stack(0x0000006fb2100000,0x0000006fb2200000) (1024K)]
  0x000001813df1e8b0 JavaThread "Unconstrained build operations Thread 7"        [_thread_blocked, id=10792, stack(0x0000006fb2200000,0x0000006fb2300000) (1024K)]
  0x000001813df20980 JavaThread "Unconstrained build operations Thread 8"        [_thread_blocked, id=12180, stack(0x0000006fb2300000,0x0000006fb2400000) (1024K)]
  0x000001813df21010 JavaThread "Unconstrained build operations Thread 9"        [_thread_blocked, id=10780, stack(0x0000006fb2400000,0x0000006fb2500000) (1024K)]
Total: 45

Other Threads:
  0x000001812268ab30 VMThread "VM Thread"                           [id=18844, stack(0x0000006faf500000,0x0000006faf600000) (1024K)]
  0x00000181226738c0 WatcherThread "VM Periodic Task Thread"        [id=2764, stack(0x0000006faf400000,0x0000006faf500000) (1024K)]
  0x0000018108374500 WorkerThread "GC Thread#0"                     [id=16948, stack(0x0000006faef00000,0x0000006faf000000) (1024K)]
  0x0000018122ae93d0 WorkerThread "GC Thread#1"                     [id=8840, stack(0x0000006fb0100000,0x0000006fb0200000) (1024K)]
  0x0000018122ae9770 WorkerThread "GC Thread#2"                     [id=4280, stack(0x0000006fb0200000,0x0000006fb0300000) (1024K)]
  0x0000018122ae9b10 WorkerThread "GC Thread#3"                     [id=19936, stack(0x0000006fb0300000,0x0000006fb0400000) (1024K)]
  0x00000181083792f0 ConcurrentGCThread "G1 Main Marker"            [id=19100, stack(0x0000006faf000000,0x0000006faf100000) (1024K)]
  0x0000018108379db0 WorkerThread "G1 Conc#0"                       [id=19120, stack(0x0000006faf100000,0x0000006faf200000) (1024K)]
  0x000001810840df70 ConcurrentGCThread "G1 Refine#0"               [id=16372, stack(0x0000006faf200000,0x0000006faf300000) (1024K)]
  0x000001810840eaa0 ConcurrentGCThread "G1 Service"                [id=6824, stack(0x0000006faf300000,0x0000006faf400000) (1024K)]
Total: 10

Threads with active compile tasks:
C2 CompilerThread0    19707 6692       4       java.lang.invoke.InvokerBytecodeGenerator::addMethod (725 bytes)
Total: 1

VM state: not at safepoint (normal execution)

VM Mutex/Monitor currently owned by a thread: None

Heap address: 0x00000000e0000000, size: 512 MB, Compressed Oops mode: 32-bit

CDS archive(s) mapped at: [0x0000018123000000-0x0000018123c90000-0x0000018123c90000), size 13172736, SharedBaseAddress: 0x0000018123000000, ArchiveRelocationMode: 1.
Compressed class space mapped at: 0x0000018124000000-0x0000018138000000, reserved size: 335544320
Narrow klass base: 0x0000018123000000, Narrow klass shift: 0, Narrow klass range: 0x100000000

GC Precious Log:
 CardTable entry size: 512
 Card Set container configuration: InlinePtr #cards 5 size 8 Array Of Cards #cards 12 size 40 Howl #buckets 4 coarsen threshold 1843 Howl Bitmap #cards 512 size 80 coarsen threshold 460 Card regions per heap region 1 cards per card region 2048
 CPUs: 4 total, 4 available
 Memory: 7991M
 Large Page Support: Disabled
 NUMA Support: Disabled
 Compressed Oops: Enabled (32-bit)
 Heap Region Size: 1M
 Heap Min Capacity: 256M
 Heap Initial Capacity: 256M
 Heap Max Capacity: 512M
 Pre-touch: Disabled
 Parallel Workers: 4
 Concurrent Workers: 1
 Concurrent Refinement Workers: 4
 Periodic GC: Disabled

Heap:
 garbage-first heap   total 262144K, used 86907K [0x00000000e0000000, 0x0000000100000000)
  region size 1024K, 10 young (10240K), 9 survivors (9216K)
 Metaspace       used 58772K, committed 60544K, reserved 393216K
  class space    used 8797K, committed 9664K, reserved 327680K

Heap Regions: E=young(eden), S=young(survivor), O=old, HS=humongous(starts), HC=humongous(continues), CS=collection set, F=free, TAMS=top-at-mark-start, PB=parsable bottom
|   0|0x00000000e0000000, 0x00000000e0100000, 0x00000000e0100000|100%| O|  |TAMS 0x00000000e0100000| PB 0x00000000e0000000| Untracked 
|   1|0x00000000e0100000, 0x00000000e0200000, 0x00000000e0200000|100%|HS|  |TAMS 0x00000000e0200000| PB 0x00000000e0100000| Complete 
|   2|0x00000000e0200000, 0x00000000e0300000, 0x00000000e0300000|100%|HC|  |TAMS 0x00000000e0300000| PB 0x00000000e0200000| Complete 
|   3|0x00000000e0300000, 0x00000000e0400000, 0x00000000e0400000|100%|HC|  |TAMS 0x00000000e0400000| PB 0x00000000e0300000| Complete 
|   4|0x00000000e0400000, 0x00000000e0500000, 0x00000000e0500000|100%|HC|  |TAMS 0x00000000e0500000| PB 0x00000000e0400000| Complete 
|   5|0x00000000e0500000, 0x00000000e0600000, 0x00000000e0600000|100%| O|  |TAMS 0x00000000e0600000| PB 0x00000000e0500000| Untracked 
|   6|0x00000000e0600000, 0x00000000e0700000, 0x00000000e0700000|100%| O|  |TAMS 0x00000000e0700000| PB 0x00000000e0600000| Untracked 
|   7|0x00000000e0700000, 0x00000000e0800000, 0x00000000e0800000|100%| O|  |TAMS 0x00000000e0800000| PB 0x00000000e0700000| Untracked 
|   8|0x00000000e0800000, 0x00000000e0900000, 0x00000000e0900000|100%| O|  |TAMS 0x00000000e0900000| PB 0x00000000e0800000| Untracked 
|   9|0x00000000e0900000, 0x00000000e0a00000, 0x00000000e0a00000|100%| O|  |TAMS 0x00000000e0a00000| PB 0x00000000e0900000| Untracked 
|  10|0x00000000e0a00000, 0x00000000e0b00000, 0x00000000e0b00000|100%| O|  |TAMS 0x00000000e0b00000| PB 0x00000000e0a00000| Updating 
|  11|0x00000000e0b00000, 0x00000000e0c00000, 0x00000000e0c00000|100%|HS|  |TAMS 0x00000000e0c00000| PB 0x00000000e0b00000| Complete 
|  12|0x00000000e0c00000, 0x00000000e0d00000, 0x00000000e0d00000|100%|HC|  |TAMS 0x00000000e0d00000| PB 0x00000000e0c00000| Complete 
|  13|0x00000000e0d00000, 0x00000000e0e00000, 0x00000000e0e00000|100%|HC|  |TAMS 0x00000000e0e00000| PB 0x00000000e0d00000| Complete 
|  14|0x00000000e0e00000, 0x00000000e0f00000, 0x00000000e0f00000|100%|HC|  |TAMS 0x00000000e0f00000| PB 0x00000000e0e00000| Complete 
|  15|0x00000000e0f00000, 0x00000000e1000000, 0x00000000e1000000|100%|HC|  |TAMS 0x00000000e1000000| PB 0x00000000e0f00000| Complete 
|  16|0x00000000e1000000, 0x00000000e1100000, 0x00000000e1100000|100%|HS|  |TAMS 0x00000000e1100000| PB 0x00000000e1000000| Complete 
|  17|0x00000000e1100000, 0x00000000e1200000, 0x00000000e1200000|100%|HC|  |TAMS 0x00000000e1200000| PB 0x00000000e1100000| Complete 
|  18|0x00000000e1200000, 0x00000000e1300000, 0x00000000e1300000|100%|HC|  |TAMS 0x00000000e1300000| PB 0x00000000e1200000| Complete 
|  19|0x00000000e1300000, 0x00000000e1400000, 0x00000000e1400000|100%|HS|  |TAMS 0x00000000e1400000| PB 0x00000000e1300000| Complete 
|  20|0x00000000e1400000, 0x00000000e1500000, 0x00000000e1500000|100%|HC|  |TAMS 0x00000000e1500000| PB 0x00000000e1400000| Complete 
|  21|0x00000000e1500000, 0x00000000e1600000, 0x00000000e1600000|100%|HC|  |TAMS 0x00000000e1600000| PB 0x00000000e1500000| Complete 
|  22|0x00000000e1600000, 0x00000000e1700000, 0x00000000e1700000|100%| O|  |TAMS 0x00000000e1700000| PB 0x00000000e1600000| Untracked 
|  23|0x00000000e1700000, 0x00000000e1800000, 0x00000000e1800000|100%| O|  |TAMS 0x00000000e1800000| PB 0x00000000e1700000| Updating 
|  24|0x00000000e1800000, 0x00000000e1900000, 0x00000000e1900000|100%| O|  |TAMS 0x00000000e1900000| PB 0x00000000e1800000| Untracked 
|  25|0x00000000e1900000, 0x00000000e1a00000, 0x00000000e1a00000|100%| O|  |TAMS 0x00000000e1a00000| PB 0x00000000e1900000| Untracked 
|  26|0x00000000e1a00000, 0x00000000e1b00000, 0x00000000e1b00000|100%| O|  |TAMS 0x00000000e1b00000| PB 0x00000000e1a00000| Untracked 
|  27|0x00000000e1b00000, 0x00000000e1c00000, 0x00000000e1c00000|100%| O|  |TAMS 0x00000000e1c00000| PB 0x00000000e1b00000| Untracked 
|  28|0x00000000e1c00000, 0x00000000e1d00000, 0x00000000e1d00000|100%| O|  |TAMS 0x00000000e1d00000| PB 0x00000000e1c00000| Untracked 
|  29|0x00000000e1d00000, 0x00000000e1e00000, 0x00000000e1e00000|100%| O|  |TAMS 0x00000000e1e00000| PB 0x00000000e1d00000| Untracked 
|  30|0x00000000e1e00000, 0x00000000e1f00000, 0x00000000e1f00000|100%| O|  |TAMS 0x00000000e1f00000| PB 0x00000000e1e00000| Untracked 
|  31|0x00000000e1f00000, 0x00000000e2000000, 0x00000000e2000000|100%| O|  |TAMS 0x00000000e2000000| PB 0x00000000e1f00000| Untracked 
|  32|0x00000000e2000000, 0x00000000e2000000, 0x00000000e2100000|  0%| F|  |TAMS 0x00000000e2000000| PB 0x00000000e2000000| Untracked 
|  33|0x00000000e2100000, 0x00000000e2200000, 0x00000000e2200000|100%| O|  |TAMS 0x00000000e2200000| PB 0x00000000e2100000| Untracked 
|  34|0x00000000e2200000, 0x00000000e2300000, 0x00000000e2300000|100%| O|  |TAMS 0x00000000e2300000| PB 0x00000000e2200000| Untracked 
|  35|0x00000000e2300000, 0x00000000e2400000, 0x00000000e2400000|100%| O|  |TAMS 0x00000000e2400000| PB 0x00000000e2300000| Untracked 
|  36|0x00000000e2400000, 0x00000000e2500000, 0x00000000e2500000|100%| O|  |TAMS 0x00000000e2500000| PB 0x00000000e2400000| Untracked 
|  37|0x00000000e2500000, 0x00000000e2600000, 0x00000000e2600000|100%| O|  |TAMS 0x00000000e2600000| PB 0x00000000e2500000| Untracked 
|  38|0x00000000e2600000, 0x00000000e2700000, 0x00000000e2700000|100%| O|  |TAMS 0x00000000e2700000| PB 0x00000000e2600000| Untracked 
|  39|0x00000000e2700000, 0x00000000e2800000, 0x00000000e2800000|100%| O|  |TAMS 0x00000000e2800000| PB 0x00000000e2700000| Untracked 
|  40|0x00000000e2800000, 0x00000000e2900000, 0x00000000e2900000|100%| O|  |TAMS 0x00000000e2900000| PB 0x00000000e2800000| Updating 
|  41|0x00000000e2900000, 0x00000000e2a00000, 0x00000000e2a00000|100%| O|  |TAMS 0x00000000e2a00000| PB 0x00000000e2900000| Updating 
|  42|0x00000000e2a00000, 0x00000000e2b00000, 0x00000000e2b00000|100%|HS|  |TAMS 0x00000000e2b00000| PB 0x00000000e2a00000| Complete 
|  43|0x00000000e2b00000, 0x00000000e2c00000, 0x00000000e2c00000|100%|HC|  |TAMS 0x00000000e2c00000| PB 0x00000000e2b00000| Complete 
|  44|0x00000000e2c00000, 0x00000000e2d00000, 0x00000000e2d00000|100%|HS|  |TAMS 0x00000000e2d00000| PB 0x00000000e2c00000| Complete 
|  45|0x00000000e2d00000, 0x00000000e2e00000, 0x00000000e2e00000|100%|HC|  |TAMS 0x00000000e2e00000| PB 0x00000000e2d00000| Complete 
|  46|0x00000000e2e00000, 0x00000000e2f00000, 0x00000000e2f00000|100%| O|  |TAMS 0x00000000e2f00000| PB 0x00000000e2e00000| Updating 
|  47|0x00000000e2f00000, 0x00000000e3000000, 0x00000000e3000000|100%|HS|  |TAMS 0x00000000e3000000| PB 0x00000000e2f00000| Complete 
|  48|0x00000000e3000000, 0x00000000e3100000, 0x00000000e3100000|100%|HC|  |TAMS 0x00000000e3100000| PB 0x00000000e3000000| Complete 
|  49|0x00000000e3100000, 0x00000000e3200000, 0x00000000e3200000|100%|HC|  |TAMS 0x00000000e3200000| PB 0x00000000e3100000| Complete 
|  50|0x00000000e3200000, 0x00000000e3300000, 0x00000000e3300000|100%|HS|  |TAMS 0x00000000e3300000| PB 0x00000000e3200000| Complete 
|  51|0x00000000e3300000, 0x00000000e3400000, 0x00000000e3400000|100%|HC|  |TAMS 0x00000000e3400000| PB 0x00000000e3300000| Complete 
|  52|0x00000000e3400000, 0x00000000e3500000, 0x00000000e3500000|100%|HC|  |TAMS 0x00000000e3500000| PB 0x00000000e3400000| Complete 
|  53|0x00000000e3500000, 0x00000000e3600000, 0x00000000e3600000|100%|HC|  |TAMS 0x00000000e3600000| PB 0x00000000e3500000| Complete 
|  54|0x00000000e3600000, 0x00000000e3700000, 0x00000000e3700000|100%|HC|  |TAMS 0x00000000e3700000| PB 0x00000000e3600000| Complete 
|  55|0x00000000e3700000, 0x00000000e3800000, 0x00000000e3800000|100%|HS|  |TAMS 0x00000000e3800000| PB 0x00000000e3700000| Complete 
|  56|0x00000000e3800000, 0x00000000e3900000, 0x00000000e3900000|100%|HC|  |TAMS 0x00000000e3900000| PB 0x00000000e3800000| Complete 
|  57|0x00000000e3900000, 0x00000000e3a00000, 0x00000000e3a00000|100%|HC|  |TAMS 0x00000000e3a00000| PB 0x00000000e3900000| Complete 
|  58|0x00000000e3a00000, 0x00000000e3b00000, 0x00000000e3b00000|100%|HC|  |TAMS 0x00000000e3b00000| PB 0x00000000e3a00000| Complete 
|  59|0x00000000e3b00000, 0x00000000e3c00000, 0x00000000e3c00000|100%|HC|  |TAMS 0x00000000e3c00000| PB 0x00000000e3b00000| Complete 
|  60|0x00000000e3c00000, 0x00000000e3d00000, 0x00000000e3d00000|100%|HS|  |TAMS 0x00000000e3d00000| PB 0x00000000e3c00000| Complete 
|  61|0x00000000e3d00000, 0x00000000e3e00000, 0x00000000e3e00000|100%|HC|  |TAMS 0x00000000e3e00000| PB 0x00000000e3d00000| Complete 
|  62|0x00000000e3e00000, 0x00000000e3f00000, 0x00000000e3f00000|100%|HC|  |TAMS 0x00000000e3f00000| PB 0x00000000e3e00000| Complete 
|  63|0x00000000e3f00000, 0x00000000e4000000, 0x00000000e4000000|100%|HC|  |TAMS 0x00000000e4000000| PB 0x00000000e3f00000| Complete 
|  64|0x00000000e4000000, 0x00000000e4100000, 0x00000000e4100000|100%| O|  |TAMS 0x00000000e4100000| PB 0x00000000e4000000| Updating 
|  65|0x00000000e4100000, 0x00000000e4200000, 0x00000000e4200000|100%| O|  |TAMS 0x00000000e4200000| PB 0x00000000e4100000| Untracked 
|  66|0x00000000e4200000, 0x00000000e4300000, 0x00000000e4300000|100%| O|  |TAMS 0x00000000e4300000| PB 0x00000000e4200000| Untracked 
|  67|0x00000000e4300000, 0x00000000e4400000, 0x00000000e4400000|100%| O|  |TAMS 0x00000000e4400000| PB 0x00000000e4300000| Untracked 
|  68|0x00000000e4400000, 0x00000000e4500000, 0x00000000e4500000|100%| O|  |TAMS 0x00000000e4500000| PB 0x00000000e4500000| Untracked 
|  69|0x00000000e4500000, 0x00000000e4600000, 0x00000000e4600000|100%| O|  |TAMS 0x00000000e4600000| PB 0x00000000e4600000| Untracked 
|  70|0x00000000e4600000, 0x00000000e4700000, 0x00000000e4700000|100%| O|  |TAMS 0x00000000e4700000| PB 0x00000000e4700000| Untracked 
|  71|0x00000000e4700000, 0x00000000e4800000, 0x00000000e4800000|100%| O|  |TAMS 0x00000000e4800000| PB 0x00000000e4800000| Untracked 
|  72|0x00000000e4800000, 0x00000000e4900000, 0x00000000e4900000|100%| O|  |TAMS 0x00000000e4900000| PB 0x00000000e4900000| Untracked 
|  73|0x00000000e4900000, 0x00000000e4a00000, 0x00000000e4a00000|100%| O|  |TAMS 0x00000000e4a00000| PB 0x00000000e4a00000| Untracked 
|  74|0x00000000e4a00000, 0x00000000e4b00000, 0x00000000e4b00000|100%| O|  |TAMS 0x00000000e4b00000| PB 0x00000000e4b00000| Untracked 
|  75|0x00000000e4b00000, 0x00000000e4c00000, 0x00000000e4c00000|100%| O|  |TAMS 0x00000000e4c00000| PB 0x00000000e4c00000| Untracked 
|  76|0x00000000e4c00000, 0x00000000e4d00000, 0x00000000e4d00000|100%| O|  |TAMS 0x00000000e4d00000| PB 0x00000000e4d00000| Updating 
|  77|0x00000000e4d00000, 0x00000000e4d00000, 0x00000000e4e00000|  0%| F|  |TAMS 0x00000000e4d00000| PB 0x00000000e4d00000| Untracked 
|  78|0x00000000e4e00000, 0x00000000e4e00000, 0x00000000e4f00000|  0%| F|  |TAMS 0x00000000e4e00000| PB 0x00000000e4e00000| Untracked 
|  79|0x00000000e4f00000, 0x00000000e4f00000, 0x00000000e5000000|  0%| F|  |TAMS 0x00000000e4f00000| PB 0x00000000e4f00000| Untracked 
|  80|0x00000000e5000000, 0x00000000e5000000, 0x00000000e5100000|  0%| F|  |TAMS 0x00000000e5000000| PB 0x00000000e5000000| Untracked 
|  81|0x00000000e5100000, 0x00000000e5100000, 0x00000000e5200000|  0%| F|  |TAMS 0x00000000e5100000| PB 0x00000000e5100000| Untracked 
|  82|0x00000000e5200000, 0x00000000e5200000, 0x00000000e5300000|  0%| F|  |TAMS 0x00000000e5200000| PB 0x00000000e5200000| Untracked 
|  83|0x00000000e5300000, 0x00000000e5300000, 0x00000000e5400000|  0%| F|  |TAMS 0x00000000e5300000| PB 0x00000000e5300000| Untracked 
|  84|0x00000000e5400000, 0x00000000e5400000, 0x00000000e5500000|  0%| F|  |TAMS 0x00000000e5400000| PB 0x00000000e5400000| Untracked 
|  85|0x00000000e5500000, 0x00000000e5500000, 0x00000000e5600000|  0%| F|  |TAMS 0x00000000e5500000| PB 0x00000000e5500000| Untracked 
|  86|0x00000000e5600000, 0x00000000e5600000, 0x00000000e5700000|  0%| F|  |TAMS 0x00000000e5600000| PB 0x00000000e5600000| Untracked 
|  87|0x00000000e5700000, 0x00000000e5700000, 0x00000000e5800000|  0%| F|  |TAMS 0x00000000e5700000| PB 0x00000000e5700000| Untracked 
|  88|0x00000000e5800000, 0x00000000e5800000, 0x00000000e5900000|  0%| F|  |TAMS 0x00000000e5800000| PB 0x00000000e5800000| Untracked 
|  89|0x00000000e5900000, 0x00000000e5900000, 0x00000000e5a00000|  0%| F|  |TAMS 0x00000000e5900000| PB 0x00000000e5900000| Untracked 
|  90|0x00000000e5a00000, 0x00000000e5a00000, 0x00000000e5b00000|  0%| F|  |TAMS 0x00000000e5a00000| PB 0x00000000e5a00000| Untracked 
|  91|0x00000000e5b00000, 0x00000000e5b00000, 0x00000000e5c00000|  0%| F|  |TAMS 0x00000000e5b00000| PB 0x00000000e5b00000| Untracked 
|  92|0x00000000e5c00000, 0x00000000e5c00000, 0x00000000e5d00000|  0%| F|  |TAMS 0x00000000e5c00000| PB 0x00000000e5c00000| Untracked 
|  93|0x00000000e5d00000, 0x00000000e5d00000, 0x00000000e5e00000|  0%| F|  |TAMS 0x00000000e5d00000| PB 0x00000000e5d00000| Untracked 
|  94|0x00000000e5e00000, 0x00000000e5e00000, 0x00000000e5f00000|  0%| F|  |TAMS 0x00000000e5e00000| PB 0x00000000e5e00000| Untracked 
|  95|0x00000000e5f00000, 0x00000000e5f00000, 0x00000000e6000000|  0%| F|  |TAMS 0x00000000e5f00000| PB 0x00000000e5f00000| Untracked 
|  96|0x00000000e6000000, 0x00000000e6000000, 0x00000000e6100000|  0%| F|  |TAMS 0x00000000e6000000| PB 0x00000000e6000000| Untracked 
|  97|0x00000000e6100000, 0x00000000e6100000, 0x00000000e6200000|  0%| F|  |TAMS 0x00000000e6100000| PB 0x00000000e6100000| Untracked 
|  98|0x00000000e6200000, 0x00000000e6200000, 0x00000000e6300000|  0%| F|  |TAMS 0x00000000e6200000| PB 0x00000000e6200000| Untracked 
|  99|0x00000000e6300000, 0x00000000e6300000, 0x00000000e6400000|  0%| F|  |TAMS 0x00000000e6300000| PB 0x00000000e6300000| Untracked 
| 100|0x00000000e6400000, 0x00000000e6400000, 0x00000000e6500000|  0%| F|  |TAMS 0x00000000e6400000| PB 0x00000000e6400000| Untracked 
| 101|0x00000000e6500000, 0x00000000e6500000, 0x00000000e6600000|  0%| F|  |TAMS 0x00000000e6500000| PB 0x00000000e6500000| Untracked 
| 102|0x00000000e6600000, 0x00000000e6600000, 0x00000000e6700000|  0%| F|  |TAMS 0x00000000e6600000| PB 0x00000000e6600000| Untracked 
| 103|0x00000000e6700000, 0x00000000e6700000, 0x00000000e6800000|  0%| F|  |TAMS 0x00000000e6700000| PB 0x00000000e6700000| Untracked 
| 104|0x00000000e6800000, 0x00000000e6800000, 0x00000000e6900000|  0%| F|  |TAMS 0x00000000e6800000| PB 0x00000000e6800000| Untracked 
| 105|0x00000000e6900000, 0x00000000e6900000, 0x00000000e6a00000|  0%| F|  |TAMS 0x00000000e6900000| PB 0x00000000e6900000| Untracked 
| 106|0x00000000e6a00000, 0x00000000e6a00000, 0x00000000e6b00000|  0%| F|  |TAMS 0x00000000e6a00000| PB 0x00000000e6a00000| Untracked 
| 107|0x00000000e6b00000, 0x00000000e6b00000, 0x00000000e6c00000|  0%| F|  |TAMS 0x00000000e6b00000| PB 0x00000000e6b00000| Untracked 
| 108|0x00000000e6c00000, 0x00000000e6c00000, 0x00000000e6d00000|  0%| F|  |TAMS 0x00000000e6c00000| PB 0x00000000e6c00000| Untracked 
| 109|0x00000000e6d00000, 0x00000000e6d00000, 0x00000000e6e00000|  0%| F|  |TAMS 0x00000000e6d00000| PB 0x00000000e6d00000| Untracked 
| 110|0x00000000e6e00000, 0x00000000e6e00000, 0x00000000e6f00000|  0%| F|  |TAMS 0x00000000e6e00000| PB 0x00000000e6e00000| Untracked 
| 111|0x00000000e6f00000, 0x00000000e6f00000, 0x00000000e7000000|  0%| F|  |TAMS 0x00000000e6f00000| PB 0x00000000e6f00000| Untracked 
| 112|0x00000000e7000000, 0x00000000e7000000, 0x00000000e7100000|  0%| F|  |TAMS 0x00000000e7000000| PB 0x00000000e7000000| Untracked 
| 113|0x00000000e7100000, 0x00000000e7100000, 0x00000000e7200000|  0%| F|  |TAMS 0x00000000e7100000| PB 0x00000000e7100000| Untracked 
| 114|0x00000000e7200000, 0x00000000e7200000, 0x00000000e7300000|  0%| F|  |TAMS 0x00000000e7200000| PB 0x00000000e7200000| Untracked 
| 115|0x00000000e7300000, 0x00000000e7300000, 0x00000000e7400000|  0%| F|  |TAMS 0x00000000e7300000| PB 0x00000000e7300000| Untracked 
| 116|0x00000000e7400000, 0x00000000e7400000, 0x00000000e7500000|  0%| F|  |TAMS 0x00000000e7400000| PB 0x00000000e7400000| Untracked 
| 117|0x00000000e7500000, 0x00000000e7500000, 0x00000000e7600000|  0%| F|  |TAMS 0x00000000e7500000| PB 0x00000000e7500000| Untracked 
| 118|0x00000000e7600000, 0x00000000e7600000, 0x00000000e7700000|  0%| F|  |TAMS 0x00000000e7600000| PB 0x00000000e7600000| Untracked 
| 119|0x00000000e7700000, 0x00000000e7700000, 0x00000000e7800000|  0%| F|  |TAMS 0x00000000e7700000| PB 0x00000000e7700000| Untracked 
| 120|0x00000000e7800000, 0x00000000e7800000, 0x00000000e7900000|  0%| F|  |TAMS 0x00000000e7800000| PB 0x00000000e7800000| Untracked 
| 121|0x00000000e7900000, 0x00000000e7900000, 0x00000000e7a00000|  0%| F|  |TAMS 0x00000000e7900000| PB 0x00000000e7900000| Untracked 
| 122|0x00000000e7a00000, 0x00000000e7a00000, 0x00000000e7b00000|  0%| F|  |TAMS 0x00000000e7a00000| PB 0x00000000e7a00000| Untracked 
| 123|0x00000000e7b00000, 0x00000000e7b00000, 0x00000000e7c00000|  0%| F|  |TAMS 0x00000000e7b00000| PB 0x00000000e7b00000| Untracked 
| 124|0x00000000e7c00000, 0x00000000e7c00000, 0x00000000e7d00000|  0%| F|  |TAMS 0x00000000e7c00000| PB 0x00000000e7c00000| Untracked 
| 125|0x00000000e7d00000, 0x00000000e7d00000, 0x00000000e7e00000|  0%| F|  |TAMS 0x00000000e7d00000| PB 0x00000000e7d00000| Untracked 
| 126|0x00000000e7e00000, 0x00000000e7e00000, 0x00000000e7f00000|  0%| F|  |TAMS 0x00000000e7e00000| PB 0x00000000e7e00000| Untracked 
| 127|0x00000000e7f00000, 0x00000000e7f00000, 0x00000000e8000000|  0%| F|  |TAMS 0x00000000e7f00000| PB 0x00000000e7f00000| Untracked 
| 128|0x00000000e8000000, 0x00000000e8000000, 0x00000000e8100000|  0%| F|  |TAMS 0x00000000e8000000| PB 0x00000000e8000000| Untracked 
| 129|0x00000000e8100000, 0x00000000e8100000, 0x00000000e8200000|  0%| F|  |TAMS 0x00000000e8100000| PB 0x00000000e8100000| Untracked 
| 130|0x00000000e8200000, 0x00000000e8200000, 0x00000000e8300000|  0%| F|  |TAMS 0x00000000e8200000| PB 0x00000000e8200000| Untracked 
| 131|0x00000000e8300000, 0x00000000e8300000, 0x00000000e8400000|  0%| F|  |TAMS 0x00000000e8300000| PB 0x00000000e8300000| Untracked 
| 132|0x00000000e8400000, 0x00000000e8400000, 0x00000000e8500000|  0%| F|  |TAMS 0x00000000e8400000| PB 0x00000000e8400000| Untracked 
| 133|0x00000000e8500000, 0x00000000e8500000, 0x00000000e8600000|  0%| F|  |TAMS 0x00000000e8500000| PB 0x00000000e8500000| Untracked 
| 134|0x00000000e8600000, 0x00000000e8600000, 0x00000000e8700000|  0%| F|  |TAMS 0x00000000e8600000| PB 0x00000000e8600000| Untracked 
| 135|0x00000000e8700000, 0x00000000e8700000, 0x00000000e8800000|  0%| F|  |TAMS 0x00000000e8700000| PB 0x00000000e8700000| Untracked 
| 136|0x00000000e8800000, 0x00000000e8800000, 0x00000000e8900000|  0%| F|  |TAMS 0x00000000e8800000| PB 0x00000000e8800000| Untracked 
| 137|0x00000000e8900000, 0x00000000e8900000, 0x00000000e8a00000|  0%| F|  |TAMS 0x00000000e8900000| PB 0x00000000e8900000| Untracked 
| 138|0x00000000e8a00000, 0x00000000e8a00000, 0x00000000e8b00000|  0%| F|  |TAMS 0x00000000e8a00000| PB 0x00000000e8a00000| Untracked 
| 139|0x00000000e8b00000, 0x00000000e8b00000, 0x00000000e8c00000|  0%| F|  |TAMS 0x00000000e8b00000| PB 0x00000000e8b00000| Untracked 
| 140|0x00000000e8c00000, 0x00000000e8c00000, 0x00000000e8d00000|  0%| F|  |TAMS 0x00000000e8c00000| PB 0x00000000e8c00000| Untracked 
| 141|0x00000000e8d00000, 0x00000000e8d00000, 0x00000000e8e00000|  0%| F|  |TAMS 0x00000000e8d00000| PB 0x00000000e8d00000| Untracked 
| 142|0x00000000e8e00000, 0x00000000e8e00000, 0x00000000e8f00000|  0%| F|  |TAMS 0x00000000e8e00000| PB 0x00000000e8e00000| Untracked 
| 143|0x00000000e8f00000, 0x00000000e8f00000, 0x00000000e9000000|  0%| F|  |TAMS 0x00000000e8f00000| PB 0x00000000e8f00000| Untracked 
| 144|0x00000000e9000000, 0x00000000e9000000, 0x00000000e9100000|  0%| F|  |TAMS 0x00000000e9000000| PB 0x00000000e9000000| Untracked 
| 145|0x00000000e9100000, 0x00000000e9100000, 0x00000000e9200000|  0%| F|  |TAMS 0x00000000e9100000| PB 0x00000000e9100000| Untracked 
| 146|0x00000000e9200000, 0x00000000e9200000, 0x00000000e9300000|  0%| F|  |TAMS 0x00000000e9200000| PB 0x00000000e9200000| Untracked 
| 147|0x00000000e9300000, 0x00000000e9300000, 0x00000000e9400000|  0%| F|  |TAMS 0x00000000e9300000| PB 0x00000000e9300000| Untracked 
| 148|0x00000000e9400000, 0x00000000e9400000, 0x00000000e9500000|  0%| F|  |TAMS 0x00000000e9400000| PB 0x00000000e9400000| Untracked 
| 149|0x00000000e9500000, 0x00000000e9500000, 0x00000000e9600000|  0%| F|  |TAMS 0x00000000e9500000| PB 0x00000000e9500000| Untracked 
| 150|0x00000000e9600000, 0x00000000e9600000, 0x00000000e9700000|  0%| F|  |TAMS 0x00000000e9600000| PB 0x00000000e9600000| Untracked 
| 151|0x00000000e9700000, 0x00000000e9700000, 0x00000000e9800000|  0%| F|  |TAMS 0x00000000e9700000| PB 0x00000000e9700000| Untracked 
| 152|0x00000000e9800000, 0x00000000e9800000, 0x00000000e9900000|  0%| F|  |TAMS 0x00000000e9800000| PB 0x00000000e9800000| Untracked 
| 153|0x00000000e9900000, 0x00000000e9900000, 0x00000000e9a00000|  0%| F|  |TAMS 0x00000000e9900000| PB 0x00000000e9900000| Untracked 
| 154|0x00000000e9a00000, 0x00000000e9a00000, 0x00000000e9b00000|  0%| F|  |TAMS 0x00000000e9a00000| PB 0x00000000e9a00000| Untracked 
| 155|0x00000000e9b00000, 0x00000000e9b00000, 0x00000000e9c00000|  0%| F|  |TAMS 0x00000000e9b00000| PB 0x00000000e9b00000| Untracked 
| 156|0x00000000e9c00000, 0x00000000e9c00000, 0x00000000e9d00000|  0%| F|  |TAMS 0x00000000e9c00000| PB 0x00000000e9c00000| Untracked 
| 157|0x00000000e9d00000, 0x00000000e9d00000, 0x00000000e9e00000|  0%| F|  |TAMS 0x00000000e9d00000| PB 0x00000000e9d00000| Untracked 
| 158|0x00000000e9e00000, 0x00000000e9e00000, 0x00000000e9f00000|  0%| F|  |TAMS 0x00000000e9e00000| PB 0x00000000e9e00000| Untracked 
| 159|0x00000000e9f00000, 0x00000000e9f00000, 0x00000000ea000000|  0%| F|  |TAMS 0x00000000e9f00000| PB 0x00000000e9f00000| Untracked 
| 160|0x00000000ea000000, 0x00000000ea000000, 0x00000000ea100000|  0%| F|  |TAMS 0x00000000ea000000| PB 0x00000000ea000000| Untracked 
| 161|0x00000000ea100000, 0x00000000ea100000, 0x00000000ea200000|  0%| F|  |TAMS 0x00000000ea100000| PB 0x00000000ea100000| Untracked 
| 162|0x00000000ea200000, 0x00000000ea200000, 0x00000000ea300000|  0%| F|  |TAMS 0x00000000ea200000| PB 0x00000000ea200000| Untracked 
| 163|0x00000000ea300000, 0x00000000ea300000, 0x00000000ea400000|  0%| F|  |TAMS 0x00000000ea300000| PB 0x00000000ea300000| Untracked 
| 164|0x00000000ea400000, 0x00000000ea400000, 0x00000000ea500000|  0%| F|  |TAMS 0x00000000ea400000| PB 0x00000000ea400000| Untracked 
| 165|0x00000000ea500000, 0x00000000ea500000, 0x00000000ea600000|  0%| F|  |TAMS 0x00000000ea500000| PB 0x00000000ea500000| Untracked 
| 166|0x00000000ea600000, 0x00000000ea600000, 0x00000000ea700000|  0%| F|  |TAMS 0x00000000ea600000| PB 0x00000000ea600000| Untracked 
| 167|0x00000000ea700000, 0x00000000ea700000, 0x00000000ea800000|  0%| F|  |TAMS 0x00000000ea700000| PB 0x00000000ea700000| Untracked 
| 168|0x00000000ea800000, 0x00000000ea800000, 0x00000000ea900000|  0%| F|  |TAMS 0x00000000ea800000| PB 0x00000000ea800000| Untracked 
| 169|0x00000000ea900000, 0x00000000ea900000, 0x00000000eaa00000|  0%| F|  |TAMS 0x00000000ea900000| PB 0x00000000ea900000| Untracked 
| 170|0x00000000eaa00000, 0x00000000eaa00000, 0x00000000eab00000|  0%| F|  |TAMS 0x00000000eaa00000| PB 0x00000000eaa00000| Untracked 
| 171|0x00000000eab00000, 0x00000000eab00000, 0x00000000eac00000|  0%| F|  |TAMS 0x00000000eab00000| PB 0x00000000eab00000| Untracked 
| 172|0x00000000eac00000, 0x00000000eac00000, 0x00000000ead00000|  0%| F|  |TAMS 0x00000000eac00000| PB 0x00000000eac00000| Untracked 
| 173|0x00000000ead00000, 0x00000000ead00000, 0x00000000eae00000|  0%| F|  |TAMS 0x00000000ead00000| PB 0x00000000ead00000| Untracked 
| 174|0x00000000eae00000, 0x00000000eae00000, 0x00000000eaf00000|  0%| F|  |TAMS 0x00000000eae00000| PB 0x00000000eae00000| Untracked 
| 175|0x00000000eaf00000, 0x00000000eaf00000, 0x00000000eb000000|  0%| F|  |TAMS 0x00000000eaf00000| PB 0x00000000eaf00000| Untracked 
| 176|0x00000000eb000000, 0x00000000eb000000, 0x00000000eb100000|  0%| F|  |TAMS 0x00000000eb000000| PB 0x00000000eb000000| Untracked 
| 177|0x00000000eb100000, 0x00000000eb100000, 0x00000000eb200000|  0%| F|  |TAMS 0x00000000eb100000| PB 0x00000000eb100000| Untracked 
| 178|0x00000000eb200000, 0x00000000eb200000, 0x00000000eb300000|  0%| F|  |TAMS 0x00000000eb200000| PB 0x00000000eb200000| Untracked 
| 179|0x00000000eb300000, 0x00000000eb300000, 0x00000000eb400000|  0%| F|  |TAMS 0x00000000eb300000| PB 0x00000000eb300000| Untracked 
| 180|0x00000000eb400000, 0x00000000eb400000, 0x00000000eb500000|  0%| F|  |TAMS 0x00000000eb400000| PB 0x00000000eb400000| Untracked 
| 181|0x00000000eb500000, 0x00000000eb500000, 0x00000000eb600000|  0%| F|  |TAMS 0x00000000eb500000| PB 0x00000000eb500000| Untracked 
| 182|0x00000000eb600000, 0x00000000eb600000, 0x00000000eb700000|  0%| F|  |TAMS 0x00000000eb600000| PB 0x00000000eb600000| Untracked 
| 183|0x00000000eb700000, 0x00000000eb700000, 0x00000000eb800000|  0%| F|  |TAMS 0x00000000eb700000| PB 0x00000000eb700000| Untracked 
| 184|0x00000000eb800000, 0x00000000eb800000, 0x00000000eb900000|  0%| F|  |TAMS 0x00000000eb800000| PB 0x00000000eb800000| Untracked 
| 185|0x00000000eb900000, 0x00000000eb900000, 0x00000000eba00000|  0%| F|  |TAMS 0x00000000eb900000| PB 0x00000000eb900000| Untracked 
| 186|0x00000000eba00000, 0x00000000eba00000, 0x00000000ebb00000|  0%| F|  |TAMS 0x00000000eba00000| PB 0x00000000eba00000| Untracked 
| 187|0x00000000ebb00000, 0x00000000ebb00000, 0x00000000ebc00000|  0%| F|  |TAMS 0x00000000ebb00000| PB 0x00000000ebb00000| Untracked 
| 188|0x00000000ebc00000, 0x00000000ebc00000, 0x00000000ebd00000|  0%| F|  |TAMS 0x00000000ebc00000| PB 0x00000000ebc00000| Untracked 
| 189|0x00000000ebd00000, 0x00000000ebd00000, 0x00000000ebe00000|  0%| F|  |TAMS 0x00000000ebd00000| PB 0x00000000ebd00000| Untracked 
| 190|0x00000000ebe00000, 0x00000000ebe00000, 0x00000000ebf00000|  0%| F|  |TAMS 0x00000000ebe00000| PB 0x00000000ebe00000| Untracked 
| 191|0x00000000ebf00000, 0x00000000ebf00000, 0x00000000ec000000|  0%| F|  |TAMS 0x00000000ebf00000| PB 0x00000000ebf00000| Untracked 
| 192|0x00000000ec000000, 0x00000000ec000000, 0x00000000ec100000|  0%| F|  |TAMS 0x00000000ec000000| PB 0x00000000ec000000| Untracked 
| 193|0x00000000ec100000, 0x00000000ec100000, 0x00000000ec200000|  0%| F|  |TAMS 0x00000000ec100000| PB 0x00000000ec100000| Untracked 
| 194|0x00000000ec200000, 0x00000000ec200000, 0x00000000ec300000|  0%| F|  |TAMS 0x00000000ec200000| PB 0x00000000ec200000| Untracked 
| 195|0x00000000ec300000, 0x00000000ec300000, 0x00000000ec400000|  0%| F|  |TAMS 0x00000000ec300000| PB 0x00000000ec300000| Untracked 
| 196|0x00000000ec400000, 0x00000000ec400000, 0x00000000ec500000|  0%| F|  |TAMS 0x00000000ec400000| PB 0x00000000ec400000| Untracked 
| 197|0x00000000ec500000, 0x00000000ec500000, 0x00000000ec600000|  0%| F|  |TAMS 0x00000000ec500000| PB 0x00000000ec500000| Untracked 
| 198|0x00000000ec600000, 0x00000000ec600000, 0x00000000ec700000|  0%| F|  |TAMS 0x00000000ec600000| PB 0x00000000ec600000| Untracked 
| 199|0x00000000ec700000, 0x00000000ec700000, 0x00000000ec800000|  0%| F|  |TAMS 0x00000000ec700000| PB 0x00000000ec700000| Untracked 
| 200|0x00000000ec800000, 0x00000000ec800000, 0x00000000ec900000|  0%| F|  |TAMS 0x00000000ec800000| PB 0x00000000ec800000| Untracked 
| 201|0x00000000ec900000, 0x00000000ec900000, 0x00000000eca00000|  0%| F|  |TAMS 0x00000000ec900000| PB 0x00000000ec900000| Untracked 
| 202|0x00000000eca00000, 0x00000000eca00000, 0x00000000ecb00000|  0%| F|  |TAMS 0x00000000eca00000| PB 0x00000000eca00000| Untracked 
| 203|0x00000000ecb00000, 0x00000000ecb00000, 0x00000000ecc00000|  0%| F|  |TAMS 0x00000000ecb00000| PB 0x00000000ecb00000| Untracked 
| 204|0x00000000ecc00000, 0x00000000ecc00000, 0x00000000ecd00000|  0%| F|  |TAMS 0x00000000ecc00000| PB 0x00000000ecc00000| Untracked 
| 205|0x00000000ecd00000, 0x00000000ecd00000, 0x00000000ece00000|  0%| F|  |TAMS 0x00000000ecd00000| PB 0x00000000ecd00000| Untracked 
| 206|0x00000000ece00000, 0x00000000ece00000, 0x00000000ecf00000|  0%| F|  |TAMS 0x00000000ece00000| PB 0x00000000ece00000| Untracked 
| 207|0x00000000ecf00000, 0x00000000ecf00000, 0x00000000ed000000|  0%| F|  |TAMS 0x00000000ecf00000| PB 0x00000000ecf00000| Untracked 
| 208|0x00000000ed000000, 0x00000000ed000000, 0x00000000ed100000|  0%| F|  |TAMS 0x00000000ed000000| PB 0x00000000ed000000| Untracked 
| 209|0x00000000ed100000, 0x00000000ed100000, 0x00000000ed200000|  0%| F|  |TAMS 0x00000000ed100000| PB 0x00000000ed100000| Untracked 
| 210|0x00000000ed200000, 0x00000000ed200000, 0x00000000ed300000|  0%| F|  |TAMS 0x00000000ed200000| PB 0x00000000ed200000| Untracked 
| 211|0x00000000ed300000, 0x00000000ed300000, 0x00000000ed400000|  0%| F|  |TAMS 0x00000000ed300000| PB 0x00000000ed300000| Untracked 
| 212|0x00000000ed400000, 0x00000000ed400000, 0x00000000ed500000|  0%| F|  |TAMS 0x00000000ed400000| PB 0x00000000ed400000| Untracked 
| 213|0x00000000ed500000, 0x00000000ed500000, 0x00000000ed600000|  0%| F|  |TAMS 0x00000000ed500000| PB 0x00000000ed500000| Untracked 
| 214|0x00000000ed600000, 0x00000000ed600000, 0x00000000ed700000|  0%| F|  |TAMS 0x00000000ed600000| PB 0x00000000ed600000| Untracked 
| 215|0x00000000ed700000, 0x00000000ed700000, 0x00000000ed800000|  0%| F|  |TAMS 0x00000000ed700000| PB 0x00000000ed700000| Untracked 
| 216|0x00000000ed800000, 0x00000000ed800000, 0x00000000ed900000|  0%| F|  |TAMS 0x00000000ed800000| PB 0x00000000ed800000| Untracked 
| 217|0x00000000ed900000, 0x00000000ed900000, 0x00000000eda00000|  0%| F|  |TAMS 0x00000000ed900000| PB 0x00000000ed900000| Untracked 
| 218|0x00000000eda00000, 0x00000000eda00000, 0x00000000edb00000|  0%| F|  |TAMS 0x00000000eda00000| PB 0x00000000eda00000| Untracked 
| 219|0x00000000edb00000, 0x00000000edb00000, 0x00000000edc00000|  0%| F|  |TAMS 0x00000000edb00000| PB 0x00000000edb00000| Untracked 
| 220|0x00000000edc00000, 0x00000000edc00000, 0x00000000edd00000|  0%| F|  |TAMS 0x00000000edc00000| PB 0x00000000edc00000| Untracked 
| 221|0x00000000edd00000, 0x00000000edd00000, 0x00000000ede00000|  0%| F|  |TAMS 0x00000000edd00000| PB 0x00000000edd00000| Untracked 
| 222|0x00000000ede00000, 0x00000000ede00000, 0x00000000edf00000|  0%| F|  |TAMS 0x00000000ede00000| PB 0x00000000ede00000| Untracked 
| 223|0x00000000edf00000, 0x00000000edf00000, 0x00000000ee000000|  0%| F|  |TAMS 0x00000000edf00000| PB 0x00000000edf00000| Untracked 
| 224|0x00000000ee000000, 0x00000000ee000000, 0x00000000ee100000|  0%| F|  |TAMS 0x00000000ee000000| PB 0x00000000ee000000| Untracked 
| 225|0x00000000ee100000, 0x00000000ee100000, 0x00000000ee200000|  0%| F|  |TAMS 0x00000000ee100000| PB 0x00000000ee100000| Untracked 
| 226|0x00000000ee200000, 0x00000000ee200000, 0x00000000ee300000|  0%| F|  |TAMS 0x00000000ee200000| PB 0x00000000ee200000| Untracked 
| 227|0x00000000ee300000, 0x00000000ee300000, 0x00000000ee400000|  0%| F|  |TAMS 0x00000000ee300000| PB 0x00000000ee300000| Untracked 
| 228|0x00000000ee400000, 0x00000000ee400000, 0x00000000ee500000|  0%| F|  |TAMS 0x00000000ee400000| PB 0x00000000ee400000| Untracked 
| 229|0x00000000ee500000, 0x00000000ee500000, 0x00000000ee600000|  0%| F|  |TAMS 0x00000000ee500000| PB 0x00000000ee500000| Untracked 
| 230|0x00000000ee600000, 0x00000000ee600000, 0x00000000ee700000|  0%| F|  |TAMS 0x00000000ee600000| PB 0x00000000ee600000| Untracked 
| 231|0x00000000ee700000, 0x00000000ee700000, 0x00000000ee800000|  0%| F|  |TAMS 0x00000000ee700000| PB 0x00000000ee700000| Untracked 
| 232|0x00000000ee800000, 0x00000000ee800000, 0x00000000ee900000|  0%| F|  |TAMS 0x00000000ee800000| PB 0x00000000ee800000| Untracked 
| 233|0x00000000ee900000, 0x00000000ee900000, 0x00000000eea00000|  0%| F|  |TAMS 0x00000000ee900000| PB 0x00000000ee900000| Untracked 
| 234|0x00000000eea00000, 0x00000000eea00000, 0x00000000eeb00000|  0%| F|  |TAMS 0x00000000eea00000| PB 0x00000000eea00000| Untracked 
| 235|0x00000000eeb00000, 0x00000000eeb00000, 0x00000000eec00000|  0%| F|  |TAMS 0x00000000eeb00000| PB 0x00000000eeb00000| Untracked 
| 236|0x00000000eec00000, 0x00000000eec00000, 0x00000000eed00000|  0%| F|  |TAMS 0x00000000eec00000| PB 0x00000000eec00000| Untracked 
| 237|0x00000000eed00000, 0x00000000eed00000, 0x00000000eee00000|  0%| F|  |TAMS 0x00000000eed00000| PB 0x00000000eed00000| Untracked 
| 238|0x00000000eee00000, 0x00000000eee00000, 0x00000000eef00000|  0%| F|  |TAMS 0x00000000eee00000| PB 0x00000000eee00000| Untracked 
| 239|0x00000000eef00000, 0x00000000eef00000, 0x00000000ef000000|  0%| F|  |TAMS 0x00000000eef00000| PB 0x00000000eef00000| Untracked 
| 240|0x00000000ef000000, 0x00000000ef000000, 0x00000000ef100000|  0%| F|  |TAMS 0x00000000ef000000| PB 0x00000000ef000000| Untracked 
| 241|0x00000000ef100000, 0x00000000ef100000, 0x00000000ef200000|  0%| F|  |TAMS 0x00000000ef100000| PB 0x00000000ef100000| Untracked 
| 242|0x00000000ef200000, 0x00000000ef200000, 0x00000000ef300000|  0%| F|  |TAMS 0x00000000ef200000| PB 0x00000000ef200000| Untracked 
| 243|0x00000000ef300000, 0x00000000ef300000, 0x00000000ef400000|  0%| F|  |TAMS 0x00000000ef300000| PB 0x00000000ef300000| Untracked 
| 244|0x00000000ef400000, 0x00000000ef400000, 0x00000000ef500000|  0%| F|  |TAMS 0x00000000ef400000| PB 0x00000000ef400000| Untracked 
| 245|0x00000000ef500000, 0x00000000ef5defd8, 0x00000000ef600000| 87%| S|CS|TAMS 0x00000000ef500000| PB 0x00000000ef500000| Complete 
| 246|0x00000000ef600000, 0x00000000ef700000, 0x00000000ef700000|100%| S|CS|TAMS 0x00000000ef600000| PB 0x00000000ef600000| Complete 
| 247|0x00000000ef700000, 0x00000000ef800000, 0x00000000ef800000|100%| S|CS|TAMS 0x00000000ef700000| PB 0x00000000ef700000| Complete 
| 248|0x00000000ef800000, 0x00000000ef900000, 0x00000000ef900000|100%| S|CS|TAMS 0x00000000ef800000| PB 0x00000000ef800000| Complete 
| 249|0x00000000ef900000, 0x00000000efa00000, 0x00000000efa00000|100%| S|CS|TAMS 0x00000000ef900000| PB 0x00000000ef900000| Complete 
| 250|0x00000000efa00000, 0x00000000efb00000, 0x00000000efb00000|100%| S|CS|TAMS 0x00000000efa00000| PB 0x00000000efa00000| Complete 
| 251|0x00000000efb00000, 0x00000000efc00000, 0x00000000efc00000|100%| S|CS|TAMS 0x00000000efb00000| PB 0x00000000efb00000| Complete 
| 252|0x00000000efc00000, 0x00000000efd00000, 0x00000000efd00000|100%| S|CS|TAMS 0x00000000efc00000| PB 0x00000000efc00000| Complete 
| 253|0x00000000efd00000, 0x00000000efe00000, 0x00000000efe00000|100%| S|CS|TAMS 0x00000000efd00000| PB 0x00000000efd00000| Complete 
| 254|0x00000000efe00000, 0x00000000efe00000, 0x00000000eff00000|  0%| F|  |TAMS 0x00000000efe00000| PB 0x00000000efe00000| Untracked 
| 255|0x00000000eff00000, 0x00000000effd8508, 0x00000000f0000000| 84%| E|  |TAMS 0x00000000eff00000| PB 0x00000000eff00000| Complete 

Card table byte_map: [0x000001811f790000,0x000001811f890000] _byte_map_base: 0x000001811f090000

Marking Bits: (CMBitMap*) 0x0000018108374a10
 Bits: [0x000001811f890000, 0x0000018120090000)

Polling page: 0x00000181062f0000

Metaspace:

Usage:
  Non-class:     48.80 MB used.
      Class:      8.59 MB used.
       Both:     57.40 MB used.

Virtual space:
  Non-class space:       64.00 MB reserved,      49.69 MB ( 78%) committed,  1 nodes.
      Class space:      320.00 MB reserved,       9.44 MB (  3%) committed,  1 nodes.
             Both:      384.00 MB reserved,      59.12 MB ( 15%) committed. 

Chunk freelists:
   Non-Class:  14.18 MB
       Class:  6.53 MB
        Both:  20.71 MB

MaxMetaspaceSize: 384.00 MB
CompressedClassSpaceSize: 320.00 MB
Initial GC threshold: 21.00 MB
Current GC threshold: 98.56 MB
CDS: on
 - commit_granule_bytes: 65536.
 - commit_granule_words: 8192.
 - virtual_space_node_default_size: 8388608.
 - enlarge_chunks_in_place: 1.
 - use_allocation_guard: 0.


Internal statistics:

num_allocs_failed_limit: 12.
num_arena_births: 3098.
num_arena_deaths: 0.
num_vsnodes_births: 2.
num_vsnodes_deaths: 0.
num_space_committed: 946.
num_space_uncommitted: 0.
num_chunks_returned_to_freelist: 12.
num_chunks_taken_from_freelist: 5782.
num_chunk_merges: 3.
num_chunk_splits: 3764.
num_chunks_enlarged: 2323.
num_inconsistent_stats: 0.

CodeHeap 'non-profiled nmethods': size=120000Kb used=3034Kb max_used=3386Kb free=116965Kb
 bounds [0x0000018118260000, 0x00000181185b0000, 0x000001811f790000]
CodeHeap 'profiled nmethods': size=120000Kb used=11981Kb max_used=12594Kb free=108018Kb
 bounds [0x0000018110790000, 0x00000181113e0000, 0x0000018117cc0000]
CodeHeap 'non-nmethods': size=5760Kb used=3011Kb max_used=3016Kb free=2748Kb
 bounds [0x0000018117cc0000, 0x0000018117fc0000, 0x0000018118260000]
 total_blobs=6968 nmethods=6082 adapters=789
 compilation: enabled
              stopped_count=0, restarted_count=0
 full_count=0

Compilation events (20 events):
Event: 19.604 Thread 0x00000181227f8070 6745       3       jdk.internal.loader.NativeLibraries$NativeLibraryImpl::find (9 bytes)
Event: 19.605 Thread 0x00000181227f8070 nmethod 6745 0x00000181113d9090 code [0x00000181113d9240, 0x00000181113d9380]
Event: 19.652 Thread 0x00000181227f8070 6747       3       com.sun.jmx.mbeanserver.MBeanAnalyzer$MethodOrder::compare (13 bytes)
Event: 19.652 Thread 0x00000181227f8070 nmethod 6747 0x00000181113d9410 code [0x00000181113d95e0, 0x00000181113d9918]
Event: 19.656 Thread 0x00000181227f8070 6748       3       java.lang.Class::isRecord (33 bytes)
Event: 19.656 Thread 0x00000181227f8070 nmethod 6748 0x00000181113d9a10 code [0x00000181113d9be0, 0x00000181113d9e68]
Event: 19.658 Thread 0x00000181227f8070 6749       3       com.sun.jmx.mbeanserver.MBeanAnalyzer$MethodOrder::compare (106 bytes)
Event: 19.659 Thread 0x00000181227f8070 nmethod 6749 0x00000181113d9f10 code [0x00000181113da1a0, 0x00000181113daaf0]
Event: 19.659 Thread 0x00000181227f8070 6750       1       javax.management.openmbean.OpenType::getClassName (5 bytes)
Event: 19.659 Thread 0x00000181227f8070 nmethod 6750 0x00000181185ac210 code [0x00000181185ac3a0, 0x00000181185ac468]
Event: 19.670 Thread 0x00000181227f8070 6754       3       java.lang.invoke.LambdaFormBuffer::renameParameter (29 bytes)
Event: 19.670 Thread 0x00000181227f8070 nmethod 6754 0x00000181113dae90 code [0x00000181113db040, 0x00000181113db198]
Event: 19.675 Thread 0x00000181227f8070 6762       3       sun.reflect.annotation.AnnotationParser::toArray (18 bytes)
Event: 19.675 Thread 0x00000181227f8070 nmethod 6762 0x00000181113db290 code [0x00000181113db460, 0x00000181113db7f8]
Event: 19.677 Thread 0x00000181227f8070 6763       3       java.util.TreeMap::<init> (20 bytes)
Event: 19.677 Thread 0x00000181227f8070 nmethod 6763 0x00000181113db910 code [0x00000181113dbac0, 0x00000181113dbcf8]
Event: 19.678 Thread 0x00000181227f8070 6764       1       javax.management.MBeanFeatureInfo::getDescription (5 bytes)
Event: 19.678 Thread 0x00000181227f8070 nmethod 6764 0x00000181185ae310 code [0x00000181185ae4a0, 0x00000181185ae568]
Event: 19.678 Thread 0x00000181227f8070 6765       3       java.util.TreeMap::getEntryUsingComparator (74 bytes)
Event: 19.679 Thread 0x00000181227f8070 nmethod 6765 0x00000181113dbe10 code [0x00000181113dbfe0, 0x00000181113dc3a0]

GC Heap History (18 events):
Event: 1.479 GC heap before
{Heap before GC invocations=0 (full 0):
 garbage-first heap   total 262144K, used 13312K [0x00000000e0000000, 0x0000000100000000)
  region size 1024K, 13 young (13312K), 0 survivors (0K)
 Metaspace       used 1008K, committed 1152K, reserved 393216K
  class space    used 80K, committed 128K, reserved 327680K
}
Event: 1.484 GC heap after
{Heap after GC invocations=1 (full 0):
 garbage-first heap   total 262144K, used 2758K [0x00000000e0000000, 0x0000000100000000)
  region size 1024K, 2 young (2048K), 2 survivors (2048K)
 Metaspace       used 1008K, committed 1152K, reserved 393216K
  class space    used 80K, committed 128K, reserved 327680K
}
Event: 4.120 GC heap before
{Heap before GC invocations=1 (full 0):
 garbage-first heap   total 262144K, used 23238K [0x00000000e0000000, 0x0000000100000000)
  region size 1024K, 19 young (19456K), 2 survivors (2048K)
 Metaspace       used 4099K, committed 4352K, reserved 393216K
  class space    used 502K, committed 640K, reserved 327680K
}
Event: 4.128 GC heap after
{Heap after GC invocations=2 (full 0):
 garbage-first heap   total 262144K, used 10829K [0x00000000e0000000, 0x0000000100000000)
  region size 1024K, 3 young (3072K), 3 survivors (3072K)
 Metaspace       used 4099K, committed 4352K, reserved 393216K
  class space    used 502K, committed 640K, reserved 327680K
}
Event: 4.886 GC heap before
{Heap before GC invocations=2 (full 0):
 garbage-first heap   total 262144K, used 32333K [0x00000000e0000000, 0x0000000100000000)
  region size 1024K, 24 young (24576K), 3 survivors (3072K)
 Metaspace       used 4175K, committed 4416K, reserved 393216K
  class space    used 504K, committed 640K, reserved 327680K
}
Event: 4.888 GC heap after
{Heap after GC invocations=3 (full 0):
 garbage-first heap   total 262144K, used 11301K [0x00000000e0000000, 0x0000000100000000)
  region size 1024K, 1 young (1024K), 1 survivors (1024K)
 Metaspace       used 4175K, committed 4416K, reserved 393216K
  class space    used 504K, committed 640K, reserved 327680K
}
Event: 9.902 GC heap before
{Heap before GC invocations=3 (full 0):
 garbage-first heap   total 262144K, used 113701K [0x00000000e0000000, 0x0000000100000000)
  region size 1024K, 101 young (103424K), 1 survivors (1024K)
 Metaspace       used 20801K, committed 21504K, reserved 393216K
  class space    used 2984K, committed 3328K, reserved 327680K
}
Event: 9.913 GC heap after
{Heap after GC invocations=4 (full 0):
 garbage-first heap   total 262144K, used 22925K [0x00000000e0000000, 0x0000000100000000)
  region size 1024K, 12 young (12288K), 12 survivors (12288K)
 Metaspace       used 20801K, committed 21504K, reserved 393216K
  class space    used 2984K, committed 3328K, reserved 327680K
}
Event: 14.247 GC heap before
{Heap before GC invocations=5 (full 0):
 garbage-first heap   total 262144K, used 131469K [0x00000000e0000000, 0x0000000100000000)
  region size 1024K, 108 young (110592K), 12 survivors (12288K)
 Metaspace       used 34715K, committed 35968K, reserved 393216K
  class space    used 5068K, committed 5696K, reserved 327680K
}
Event: 14.265 GC heap after
{Heap after GC invocations=6 (full 0):
 garbage-first heap   total 262144K, used 43520K [0x00000000e0000000, 0x0000000100000000)
  region size 1024K, 10 young (10240K), 10 survivors (10240K)
 Metaspace       used 34715K, committed 35968K, reserved 393216K
  class space    used 5068K, committed 5696K, reserved 327680K
}
Event: 14.273 GC heap before
{Heap before GC invocations=6 (full 0):
 garbage-first heap   total 262144K, used 43520K [0x00000000e0000000, 0x0000000100000000)
  region size 1024K, 11 young (11264K), 10 survivors (10240K)
 Metaspace       used 34736K, committed 35968K, reserved 393216K
  class space    used 5071K, committed 5696K, reserved 327680K
}
Event: 14.283 GC heap after
{Heap after GC invocations=7 (full 0):
 garbage-first heap   total 262144K, used 43689K [0x00000000e0000000, 0x0000000100000000)
  region size 1024K, 1 young (1024K), 1 survivors (1024K)
 Metaspace       used 34736K, committed 35968K, reserved 393216K
  class space    used 5071K, committed 5696K, reserved 327680K
}
Event: 16.896 GC heap before
{Heap before GC invocations=8 (full 0):
 garbage-first heap   total 262144K, used 218793K [0x00000000e0000000, 0x0000000100000000)
  region size 1024K, 153 young (156672K), 1 survivors (1024K)
 Metaspace       used 49117K, committed 50816K, reserved 393216K
  class space    used 7043K, committed 7872K, reserved 327680K
}
Event: 16.921 GC heap after
{Heap after GC invocations=9 (full 0):
 garbage-first heap   total 262144K, used 71128K [0x00000000e0000000, 0x0000000100000000)
  region size 1024K, 15 young (15360K), 15 survivors (15360K)
 Metaspace       used 49117K, committed 50816K, reserved 393216K
  class space    used 7043K, committed 7872K, reserved 327680K
}
Event: 19.566 GC heap before
{Heap before GC invocations=9 (full 0):
 garbage-first heap   total 262144K, used 162264K [0x00000000e0000000, 0x0000000100000000)
  region size 1024K, 97 young (99328K), 15 survivors (15360K)
 Metaspace       used 58342K, committed 60096K, reserved 393216K
  class space    used 8749K, committed 9664K, reserved 327680K
}
Event: 19.587 GC heap after
{Heap after GC invocations=10 (full 0):
 garbage-first heap   total 262144K, used 87040K [0x00000000e0000000, 0x0000000100000000)
  region size 1024K, 9 young (9216K), 9 survivors (9216K)
 Metaspace       used 58342K, committed 60096K, reserved 393216K
  class space    used 8749K, committed 9664K, reserved 327680K
}
Event: 19.605 GC heap before
{Heap before GC invocations=10 (full 0):
 garbage-first heap   total 262144K, used 88064K [0x00000000e0000000, 0x0000000100000000)
  region size 1024K, 11 young (11264K), 9 survivors (9216K)
 Metaspace       used 58694K, committed 60416K, reserved 393216K
  class space    used 8784K, committed 9664K, reserved 327680K
}
Event: 19.615 GC heap after
{Heap after GC invocations=11 (full 0):
 garbage-first heap   total 262144K, used 86907K [0x00000000e0000000, 0x0000000100000000)
  region size 1024K, 9 young (9216K), 9 survivors (9216K)
 Metaspace       used 58694K, committed 60416K, reserved 393216K
  class space    used 8784K, committed 9664K, reserved 327680K
}

Dll operation events (15 events):
Event: 0.021 Loaded shared library C:\Users\79511\.jdks\openjdk-21\bin\java.dll
Event: 0.438 Loaded shared library C:\Users\79511\.jdks\openjdk-21\bin\jsvml.dll
Event: 0.543 Loaded shared library C:\Users\79511\.jdks\openjdk-21\bin\zip.dll
Event: 0.556 Loaded shared library C:\Users\79511\.jdks\openjdk-21\bin\instrument.dll
Event: 0.565 Loaded shared library C:\Users\79511\.jdks\openjdk-21\bin\net.dll
Event: 0.568 Loaded shared library C:\Users\79511\.jdks\openjdk-21\bin\nio.dll
Event: 0.574 Loaded shared library C:\Users\79511\.jdks\openjdk-21\bin\zip.dll
Event: 1.397 Loaded shared library C:\Users\79511\.jdks\openjdk-21\bin\jimage.dll
Event: 1.506 Loaded shared library C:\Users\79511\.jdks\openjdk-21\bin\verify.dll
Event: 2.384 Loaded shared library C:\Users\79511\.gradle\native\c067742578af261105cb4f569cf0c3c89f3d7b1fecec35dd04571415982c5e48\windows-amd64\native-platform.dll
Event: 2.409 Loaded shared library C:\Users\79511\.gradle\native\38dada09dfb8b06ba9b0570ebf7e218e3eb74d4ef43ca46872605cf95ebc2f47\windows-amd64\native-platform-file-events.dll
Event: 5.618 Loaded shared library C:\Users\79511\.jdks\openjdk-21\bin\management.dll
Event: 5.622 Loaded shared library C:\Users\79511\.jdks\openjdk-21\bin\management_ext.dll
Event: 5.900 Loaded shared library C:\Users\79511\.jdks\openjdk-21\bin\extnet.dll
Event: 6.109 Loaded shared library C:\Users\79511\.jdks\openjdk-21\bin\sunmscapi.dll

Deoptimization events (20 events):
Event: 19.597 Thread 0x000001813d4acf40 Uncommon trap: trap_request=0xffffffde fr.pc=0x000001811852ce14 relative=0x00000000000001f4
Event: 19.597 Thread 0x000001813d4acf40 Uncommon trap: reason=class_check action=maybe_recompile pc=0x000001811852ce14 method=java.lang.reflect.Array.newInstance(Ljava/lang/Class;I)Ljava/lang/Object; @ 2 c2
Event: 19.597 Thread 0x000001813d4acf40 DEOPT PACKING pc=0x000001811852ce14 sp=0x0000006fb09f5a20
Event: 19.597 Thread 0x000001813d4acf40 DEOPT UNPACKING pc=0x0000018117d17da2 sp=0x0000006fb09f59d8 mode 2
Event: 19.601 Thread 0x000001813d4acf40 Uncommon trap: trap_request=0xffffffc6 fr.pc=0x00000181184d3e14 relative=0x00000000000008b4
Event: 19.601 Thread 0x000001813d4acf40 Uncommon trap: reason=bimorphic_or_optimized_type_check action=maybe_recompile pc=0x00000181184d3e14 method=java.util.Arrays.binarySearch0([Ljava/lang/Object;IILjava/lang/Object;Ljava/util/Comparator;)I @ 48 c2
Event: 19.601 Thread 0x000001813d4acf40 DEOPT PACKING pc=0x00000181184d3e14 sp=0x0000006fb09f6db0
Event: 19.601 Thread 0x000001813d4acf40 DEOPT UNPACKING pc=0x0000018117d17da2 sp=0x0000006fb09f6d50 mode 2
Event: 19.601 Thread 0x000001813d4acf40 Uncommon trap: trap_request=0xffffffc6 fr.pc=0x00000181184d3e14 relative=0x00000000000008b4
Event: 19.601 Thread 0x000001813d4acf40 Uncommon trap: reason=bimorphic_or_optimized_type_check action=maybe_recompile pc=0x00000181184d3e14 method=java.util.Arrays.binarySearch0([Ljava/lang/Object;IILjava/lang/Object;Ljava/util/Comparator;)I @ 48 c2
Event: 19.601 Thread 0x000001813d4acf40 DEOPT PACKING pc=0x00000181184d3e14 sp=0x0000006fb09f6db0
Event: 19.601 Thread 0x000001813d4acf40 DEOPT UNPACKING pc=0x0000018117d17da2 sp=0x0000006fb09f6d50 mode 2
Event: 19.601 Thread 0x000001813d4acf40 Uncommon trap: trap_request=0xffffffc6 fr.pc=0x00000181184d3e14 relative=0x00000000000008b4
Event: 19.601 Thread 0x000001813d4acf40 Uncommon trap: reason=bimorphic_or_optimized_type_check action=maybe_recompile pc=0x00000181184d3e14 method=java.util.Arrays.binarySearch0([Ljava/lang/Object;IILjava/lang/Object;Ljava/util/Comparator;)I @ 48 c2
Event: 19.601 Thread 0x000001813d4acf40 DEOPT PACKING pc=0x00000181184d3e14 sp=0x0000006fb09f6db0
Event: 19.601 Thread 0x000001813d4acf40 DEOPT UNPACKING pc=0x0000018117d17da2 sp=0x0000006fb09f6d50 mode 2
Event: 19.601 Thread 0x000001813d4acf40 Uncommon trap: trap_request=0xffffffc6 fr.pc=0x00000181184d3e14 relative=0x00000000000008b4
Event: 19.601 Thread 0x000001813d4acf40 Uncommon trap: reason=bimorphic_or_optimized_type_check action=maybe_recompile pc=0x00000181184d3e14 method=java.util.Arrays.binarySearch0([Ljava/lang/Object;IILjava/lang/Object;Ljava/util/Comparator;)I @ 48 c2
Event: 19.601 Thread 0x000001813d4acf40 DEOPT PACKING pc=0x00000181184d3e14 sp=0x0000006fb09f6e40
Event: 19.601 Thread 0x000001813d4acf40 DEOPT UNPACKING pc=0x0000018117d17da2 sp=0x0000006fb09f6de0 mode 2

Classes loaded (20 events):
Event: 19.619 Loading class java/lang/management/LockInfo
Event: 19.619 Loading class java/lang/management/LockInfo done
Event: 19.619 Loading class java/lang/management/MonitorInfo
Event: 19.651 Loading class java/lang/management/MonitorInfo done
Event: 19.656 Loading class com/sun/jmx/mbeanserver/DefaultMXBeanMappingFactory$CompositeMapping
Event: 19.658 Loading class com/sun/jmx/mbeanserver/DefaultMXBeanMappingFactory$CompositeMapping done
Event: 19.659 Loading class com/sun/jmx/mbeanserver/DefaultMXBeanMappingFactory$ArrayMapping
Event: 19.659 Loading class com/sun/jmx/mbeanserver/DefaultMXBeanMappingFactory$ArrayMapping done
Event: 19.659 Loading class com/sun/jmx/mbeanserver/DefaultMXBeanMappingFactory$EnumMapping
Event: 19.659 Loading class com/sun/jmx/mbeanserver/DefaultMXBeanMappingFactory$EnumMapping done
Event: 19.660 Loading class javax/management/MBeanParameterInfo
Event: 19.667 Loading class javax/management/MBeanParameterInfo done
Event: 19.678 Loading class com/sun/jmx/mbeanserver/PerInterface$MethodAndSig
Event: 19.678 Loading class com/sun/jmx/mbeanserver/PerInterface$MethodAndSig done
Event: 19.679 Loading class com/sun/management/internal/OperatingSystemImpl
Event: 19.683 Loading class com/sun/management/OperatingSystemMXBean
Event: 19.683 Loading class java/lang/management/OperatingSystemMXBean
Event: 19.683 Loading class java/lang/management/OperatingSystemMXBean done
Event: 19.683 Loading class com/sun/management/OperatingSystemMXBean done
Event: 19.683 Loading class sun/management/BaseOperatingSystemImpl

Classes unloaded (0 events):
No events

Classes redefined (0 events):
No events

Internal exceptions (20 events):
Event: 18.049 Thread 0x000001813d4acf40 Exception <a 'java/lang/NoSuchMethodError'{0x00000000edab1de0}: 'java.lang.Object java.lang.invoke.DirectMethodHandle$Holder.invokeSpecial(java.lang.Object, java.lang.Object, java.lang.Object, java.lang.Object, java.lang.Object, long)'> (0x00000000edab1de0) 
thrown [s\open\src\hotspot\share\interpreter\linkResolver.cpp, line 773]
Event: 18.050 Thread 0x000001813d4acf40 Exception <a 'java/lang/NoSuchMethodError'{0x00000000edad28d8}: 'void java.lang.invoke.DirectMethodHandle$Holder.invokeStatic(java.lang.Object, java.lang.Object, java.lang.Object, int, java.lang.Object)'> (0x00000000edad28d8) 
thrown [s\open\src\hotspot\share\interpreter\linkResolver.cpp, line 773]
Event: 19.357 Thread 0x000001813d4acf40 Exception <a 'java/lang/NoClassDefFoundError'{0x00000000ec1f7d90}: org/graalvm/buildtools/gradle/NativeImagePlugin> (0x00000000ec1f7d90) 
thrown [s\open\src\hotspot\share\classfile\systemDictionary.cpp, line 301]
Event: 19.370 Thread 0x000001813d4acf40 Exception <a 'java/lang/ClassNotFoundException'{0x00000000ebfc6b58}: io/spring/gradle/dependencymanagement/internal/dsl/StandardDependencyManagementExtensionBeanInfo> (0x00000000ebfc6b58) 
thrown [s\open\src\hotspot\share\classfile\systemDictionary.cpp, line 312]
Event: 19.370 Thread 0x000001813d4acf40 Exception <a 'java/lang/ClassNotFoundException'{0x00000000ebfd1150}: io/spring/gradle/dependencymanagement/internal/dsl/StandardDependencyManagementExtensionCustomizer> (0x00000000ebfd1150) 
thrown [s\open\src\hotspot\share\classfile\systemDictionary.cpp, line 312]
Event: 19.400 Thread 0x000001813d4acf40 Exception <a 'java/lang/ClassNotFoundException'{0x00000000ebcf0068}: io/spring/gradle/dependencymanagement/internal/dsl/StandardImportsHandlerBeanInfo> (0x00000000ebcf0068) 
thrown [s\open\src\hotspot\share\classfile\systemDictionary.cpp, line 312]
Event: 19.400 Thread 0x000001813d4acf40 Exception <a 'java/lang/ClassNotFoundException'{0x00000000ebcfb7f0}: io/spring/gradle/dependencymanagement/internal/dsl/StandardImportsHandlerCustomizer> (0x00000000ebcfb7f0) 
thrown [s\open\src\hotspot\share\classfile\systemDictionary.cpp, line 312]
Event: 19.522 Thread 0x000001813d4acf40 Exception <a 'java/lang/NoSuchMethodError'{0x00000000eb169a40}: static Lorg/jetbrains/kotlin/gradle/plugin/internal/DefaultConfigurationTimePropertiesAccessorVariantFactory;.<clinit>()V> (0x00000000eb169a40) 
thrown [s\open\src\hotspot\share\prims\jni.cpp, line 1106]
Event: 19.525 Thread 0x000001813d4acf40 Exception <a 'java/lang/NoSuchMethodError'{0x00000000eb1941d8}: static Lorg/jetbrains/kotlin/gradle/plugin/internal/DefaultProjectIsolationStartParameterAccessorVariantFactory;.<clinit>()V> (0x00000000eb1941d8) 
thrown [s\open\src\hotspot\share\prims\jni.cpp, line 1106]
Event: 19.526 Thread 0x000001813d4acf40 Exception <a 'java/lang/NoSuchMethodError'{0x00000000eb1bad88}: static Lorg/jetbrains/kotlin/gradle/plugin/internal/DefaultArtifactTypeAttributeAccessorVariantFactory;.<clinit>()V> (0x00000000eb1bad88) 
thrown [s\open\src\hotspot\share\prims\jni.cpp, line 1106]
Event: 19.527 Thread 0x000001813d4acf40 Exception <a 'java/lang/NoSuchMethodError'{0x00000000eb1e14e0}: static Lorg/jetbrains/kotlin/gradle/plugin/internal/DefaultCompatibilityConventionRegistrar$Factory;.<clinit>()V> (0x00000000eb1e14e0) 
thrown [s\open\src\hotspot\share\prims\jni.cpp, line 1106]
Event: 19.528 Thread 0x000001813d4acf40 Exception <a 'java/lang/NoSuchMethodError'{0x00000000eb1ff160}: static Lorg/jetbrains/kotlin/gradle/plugin/internal/DefaultJavaSourceSetsAccessorVariantFactory;.<clinit>()V> (0x00000000eb1ff160) 
thrown [s\open\src\hotspot\share\prims\jni.cpp, line 1106]
Event: 19.529 Thread 0x000001813d4acf40 Exception <a 'java/lang/NoSuchMethodError'{0x00000000eb01ca00}: static Lorg/jetbrains/kotlin/gradle/plugin/internal/DefaultIdeaSyncDetectorVariantFactory;.<clinit>()V> (0x00000000eb01ca00) 
thrown [s\open\src\hotspot\share\prims\jni.cpp, line 1106]
Event: 19.530 Thread 0x000001813d4acf40 Exception <a 'java/lang/NoSuchMethodError'{0x00000000eb03b1b8}: static Lorg/jetbrains/kotlin/gradle/plugin/internal/DefaultKotlinTestReportCompatibilityHelperVariantFactory;.<clinit>()V> (0x00000000eb03b1b8) 
thrown [s\open\src\hotspot\share\prims\jni.cpp, line 1106]
Event: 19.532 Thread 0x000001813d4acf40 Exception <a 'java/lang/NoSuchMethodError'{0x00000000eb0594e8}: static Lorg/jetbrains/kotlin/gradle/plugin/internal/DefaultMppTestReportHelperVariantFactory;.<clinit>()V> (0x00000000eb0594e8) 
thrown [s\open\src\hotspot\share\prims\jni.cpp, line 1106]
Event: 19.534 Thread 0x000001813d4acf40 Exception <a 'java/lang/NoSuchMethodError'{0x00000000eb0803a8}: static Lorg/jetbrains/kotlin/gradle/plugin/internal/DefaultConfigurationCacheStartParameterAccessorVariantFactory;.<clinit>()V> (0x00000000eb0803a8) 
thrown [s\open\src\hotspot\share\prims\jni.cpp, line 1106]
Event: 19.535 Thread 0x000001813d4acf40 Exception <a 'java/lang/NoSuchMethodError'{0x00000000eb09fb58}: static Lorg/jetbrains/kotlin/gradle/plugin/internal/MavenPluginConfigurator$DefaultMavenPluginConfiguratorVariantFactory;.<clinit>()V> (0x00000000eb09fb58) 
thrown [s\open\src\hotspot\share\prims\jni.cpp, line 1106]
Event: 19.536 Thread 0x000001813d4acf40 Exception <a 'java/lang/NoSuchMethodError'{0x00000000eb0bcea8}: static Lorg/jetbrains/kotlin/gradle/targets/js/nodejs/DefaultUnameExecutorVariantFactory;.<clinit>()V> (0x00000000eb0bcea8) 
thrown [s\open\src\hotspot\share\prims\jni.cpp, line 1106]
Event: 19.537 Thread 0x000001813d4acf40 Exception <a 'java/lang/NoSuchMethodError'{0x00000000eb0dac40}: static Lorg/jetbrains/kotlin/gradle/plugin/internal/DefaultBasePluginConfigurationVariantFactory;.<clinit>()V> (0x00000000eb0dac40) 
thrown [s\open\src\hotspot\share\prims\jni.cpp, line 1106]
Event: 19.589 Thread 0x000001813d4acf40 Exception <a 'java/lang/IncompatibleClassChangeError'{0x00000000effd5848}: Found class java.lang.Object, but interface was expected> (0x00000000effd5848) 
thrown [s\open\src\hotspot\share\interpreter\linkResolver.cpp, line 840]

ZGC Phase Switch (0 events):
No events

VM Operations (20 events):
Event: 17.211 Executing VM operation: HandshakeAllThreads (Deoptimize)
Event: 17.211 Executing VM operation: HandshakeAllThreads (Deoptimize) done
Event: 17.677 Executing VM operation: HandshakeAllThreads (Deoptimize)
Event: 17.678 Executing VM operation: HandshakeAllThreads (Deoptimize) done
Event: 17.695 Executing VM operation: HandshakeAllThreads (Deoptimize)
Event: 17.695 Executing VM operation: HandshakeAllThreads (Deoptimize) done
Event: 18.009 Executing VM operation: HandshakeAllThreads (Deoptimize)
Event: 18.009 Executing VM operation: HandshakeAllThreads (Deoptimize) done
Event: 18.009 Executing VM operation: Cleanup
Event: 18.009 Executing VM operation: Cleanup done
Event: 18.178 Executing VM operation: ICBufferFull
Event: 18.178 Executing VM operation: ICBufferFull done
Event: 18.923 Executing VM operation: ICBufferFull
Event: 19.046 Executing VM operation: ICBufferFull done
Event: 19.449 Executing VM operation: HandshakeAllThreads (Deoptimize)
Event: 19.449 Executing VM operation: HandshakeAllThreads (Deoptimize) done
Event: 19.566 Executing VM operation: CollectForMetadataAllocation (Metadata GC Threshold)
Event: 19.587 Executing VM operation: CollectForMetadataAllocation (Metadata GC Threshold) done
Event: 19.605 Executing VM operation: CollectForMetadataAllocation (Metadata GC Threshold)
Event: 19.618 Executing VM operation: CollectForMetadataAllocation (Metadata GC Threshold) done

Events (20 events):
Event: 14.317 Thread 0x000001812268ab30 flushing nmethod 0x0000018118299490
Event: 14.317 Thread 0x000001812268ab30 flushing nmethod 0x0000018118281810
Event: 14.317 Thread 0x000001812268ab30 flushing nmethod 0x000001811828bf10
Event: 14.317 Thread 0x000001812268ab30 flushing nmethod 0x000001811828a310
Event: 14.317 Thread 0x000001812268ab30 flushing nmethod 0x0000018118271090
Event: 14.317 Thread 0x000001812268ab30 flushing nmethod 0x0000018118270b90
Event: 14.317 Thread 0x000001812268ab30 flushing nmethod 0x0000018118270790
Event: 14.317 Thread 0x000001812268ab30 flushing nmethod 0x000001811826e190
Event: 14.317 Thread 0x000001812268ab30 flushing nmethod 0x000001811827cb10
Event: 14.317 Thread 0x000001812268ab30 flushing nmethod 0x0000018118269c10
Event: 15.589 Thread 0x000001813e4de890 Thread added: 0x000001813e4de890
Event: 15.591 Thread 0x000001813e4dc130 Thread added: 0x000001813e4dc130
Event: 15.591 Thread 0x000001813e4dbaa0 Thread added: 0x000001813e4dbaa0
Event: 16.633 Thread 0x000001813df216a0 Thread added: 0x000001813df216a0
Event: 18.227 Thread 0x000001813df1fc60 Thread added: 0x000001813df1fc60
Event: 18.227 Thread 0x000001813df1ef40 Thread added: 0x000001813df1ef40
Event: 18.227 Thread 0x000001813df1f5d0 Thread added: 0x000001813df1f5d0
Event: 18.243 Thread 0x000001813df1e8b0 Thread added: 0x000001813df1e8b0
Event: 18.244 Thread 0x000001813df20980 Thread added: 0x000001813df20980
Event: 18.246 Thread 0x000001813df21010 Thread added: 0x000001813df21010


Dynamic libraries:
0x00007ff71bec0000 - 0x00007ff71bece000 	C:\Users\79511\.jdks\openjdk-21\bin\java.exe
0x00007ffccfdb0000 - 0x00007ffccffc6000 	C:\WINDOWS\SYSTEM32\ntdll.dll
0x00007ffcceee0000 - 0x00007ffccefa4000 	C:\WINDOWS\System32\KERNEL32.DLL
0x00007ffccd120000 - 0x00007ffccd4c7000 	C:\WINDOWS\System32\KERNELBASE.dll
0x00007ffccd6f0000 - 0x00007ffccd801000 	C:\WINDOWS\System32\ucrtbase.dll
0x00007ffcb15d0000 - 0x00007ffcb15eb000 	C:\Users\79511\.jdks\openjdk-21\bin\VCRUNTIME140.dll
0x00007ffcb3f70000 - 0x00007ffcb3f88000 	C:\Users\79511\.jdks\openjdk-21\bin\jli.dll
0x00007ffcb62a0000 - 0x00007ffcb6533000 	C:\WINDOWS\WinSxS\amd64_microsoft.windows.common-controls_6595b64144ccf1df_6.0.22621.3235_none_270f74e173860f98\COMCTL32.dll
0x00007ffccf8e0000 - 0x00007ffccfa8e000 	C:\WINDOWS\System32\USER32.dll
0x00007ffcceb90000 - 0x00007ffccec37000 	C:\WINDOWS\System32\msvcrt.dll
0x00007ffccd570000 - 0x00007ffccd596000 	C:\WINDOWS\System32\win32u.dll
0x00007ffccf3c0000 - 0x00007ffccf3e9000 	C:\WINDOWS\System32\GDI32.dll
0x00007ffccd5d0000 - 0x00007ffccd6e9000 	C:\WINDOWS\System32\gdi32full.dll
0x00007ffccd4d0000 - 0x00007ffccd56a000 	C:\WINDOWS\System32\msvcp_win.dll
0x00007ffccf890000 - 0x00007ffccf8c1000 	C:\WINDOWS\System32\IMM32.DLL
0x00007ffcc78f0000 - 0x00007ffcc78fc000 	C:\Users\79511\.jdks\openjdk-21\bin\vcruntime140_1.dll
0x00007ffcafbd0000 - 0x00007ffcafc5e000 	C:\Users\79511\.jdks\openjdk-21\bin\msvcp140.dll
0x00007ffc440c0000 - 0x00007ffc44dd3000 	C:\Users\79511\.jdks\openjdk-21\bin\server\jvm.dll
0x00007ffcced20000 - 0x00007ffccedd2000 	C:\WINDOWS\System32\ADVAPI32.dll
0x00007ffccf170000 - 0x00007ffccf218000 	C:\WINDOWS\System32\sechost.dll
0x00007ffccd5a0000 - 0x00007ffccd5c8000 	C:\WINDOWS\System32\bcrypt.dll
0x00007ffccf220000 - 0x00007ffccf335000 	C:\WINDOWS\System32\RPCRT4.dll
0x00007ffccefb0000 - 0x00007ffccf021000 	C:\WINDOWS\System32\WS2_32.dll
0x00007ffccc6f0000 - 0x00007ffccc73d000 	C:\WINDOWS\SYSTEM32\POWRPROF.dll
0x00007ffcc0ce0000 - 0x00007ffcc0cea000 	C:\WINDOWS\SYSTEM32\VERSION.dll
0x00007ffcc7d10000 - 0x00007ffcc7d44000 	C:\WINDOWS\SYSTEM32\WINMM.dll
0x00007ffccc690000 - 0x00007ffccc6a3000 	C:\WINDOWS\SYSTEM32\UMPDC.dll
0x00007ffccc0b0000 - 0x00007ffccc0c8000 	C:\WINDOWS\SYSTEM32\kernel.appcore.dll
0x00007ffcb32f0000 - 0x00007ffcb32fa000 	C:\Users\79511\.jdks\openjdk-21\bin\jimage.dll
0x00007ffcca620000 - 0x00007ffcca853000 	C:\WINDOWS\SYSTEM32\DBGHELP.DLL
0x00007ffccdab0000 - 0x00007ffccde38000 	C:\WINDOWS\System32\combase.dll
0x00007ffccf030000 - 0x00007ffccf107000 	C:\WINDOWS\System32\OLEAUT32.dll
0x00007ffc90960000 - 0x00007ffc90992000 	C:\WINDOWS\SYSTEM32\dbgcore.DLL
0x00007ffccd0a0000 - 0x00007ffccd119000 	C:\WINDOWS\System32\bcryptPrimitives.dll
0x00007ffcb1ee0000 - 0x00007ffcb1eef000 	C:\Users\79511\.jdks\openjdk-21\bin\instrument.dll
0x00007ffcb15b0000 - 0x00007ffcb15cf000 	C:\Users\79511\.jdks\openjdk-21\bin\java.dll
0x00007ffccdfa0000 - 0x00007ffcce7fc000 	C:\WINDOWS\System32\SHELL32.dll
0x00007ffccafb0000 - 0x00007ffccb8a9000 	C:\WINDOWS\SYSTEM32\windows.storage.dll
0x00007ffccae70000 - 0x00007ffccafae000 	C:\WINDOWS\SYSTEM32\wintypes.dll
0x00007ffccfc40000 - 0x00007ffccfd33000 	C:\WINDOWS\System32\SHCORE.dll
0x00007ffcce8a0000 - 0x00007ffcce8fe000 	C:\WINDOWS\System32\shlwapi.dll
0x00007ffcccfd0000 - 0x00007ffcccff1000 	C:\WINDOWS\SYSTEM32\profapi.dll
0x00007ffc84740000 - 0x00007ffc84817000 	C:\Users\79511\.jdks\openjdk-21\bin\jsvml.dll
0x00007ffcb1290000 - 0x00007ffcb12a8000 	C:\Users\79511\.jdks\openjdk-21\bin\zip.dll
0x00007ffcb1e20000 - 0x00007ffcb1e30000 	C:\Users\79511\.jdks\openjdk-21\bin\net.dll
0x00007ffcc43a0000 - 0x00007ffcc44d6000 	C:\WINDOWS\SYSTEM32\WINHTTP.dll
0x00007ffccc5a0000 - 0x00007ffccc609000 	C:\WINDOWS\system32\mswsock.dll
0x00007ffcafbb0000 - 0x00007ffcafbc6000 	C:\Users\79511\.jdks\openjdk-21\bin\nio.dll
0x00007ffcb1a00000 - 0x00007ffcb1a10000 	C:\Users\79511\.jdks\openjdk-21\bin\verify.dll
0x00007ffcc7900000 - 0x00007ffcc7927000 	C:\Users\79511\.gradle\native\c067742578af261105cb4f569cf0c3c89f3d7b1fecec35dd04571415982c5e48\windows-amd64\native-platform.dll
0x00007ffc4db60000 - 0x00007ffc4dca4000 	C:\Users\79511\.gradle\native\38dada09dfb8b06ba9b0570ebf7e218e3eb74d4ef43ca46872605cf95ebc2f47\windows-amd64\native-platform-file-events.dll
0x00007ffcb1280000 - 0x00007ffcb128a000 	C:\Users\79511\.jdks\openjdk-21\bin\management.dll
0x00007ffcafba0000 - 0x00007ffcafbab000 	C:\Users\79511\.jdks\openjdk-21\bin\management_ext.dll
0x00007ffccf8d0000 - 0x00007ffccf8d8000 	C:\WINDOWS\System32\PSAPI.DLL
0x00007ffccc8a0000 - 0x00007ffccc8bb000 	C:\WINDOWS\SYSTEM32\CRYPTSP.dll
0x00007ffccc010000 - 0x00007ffccc045000 	C:\WINDOWS\system32\rsaenh.dll
0x00007ffccc740000 - 0x00007ffccc768000 	C:\WINDOWS\SYSTEM32\USERENV.dll
0x00007ffccc8c0000 - 0x00007ffccc8cc000 	C:\WINDOWS\SYSTEM32\CRYPTBASE.dll
0x00007ffccbb50000 - 0x00007ffccbb7d000 	C:\WINDOWS\SYSTEM32\IPHLPAPI.DLL
0x00007ffcceb80000 - 0x00007ffcceb89000 	C:\WINDOWS\System32\NSI.dll
0x00007ffcafb90000 - 0x00007ffcafb97000 	C:\Users\79511\.jdks\openjdk-21\bin\extnet.dll
0x00007ffcafb80000 - 0x00007ffcafb8e000 	C:\Users\79511\.jdks\openjdk-21\bin\sunmscapi.dll
0x00007ffccd880000 - 0x00007ffccd9e7000 	C:\WINDOWS\System32\CRYPT32.dll
0x00007ffccca60000 - 0x00007ffccca8e000 	C:\WINDOWS\SYSTEM32\ncrypt.dll
0x00007ffccca20000 - 0x00007ffccca57000 	C:\WINDOWS\SYSTEM32\NTASN1.dll
0x00007ffcc9310000 - 0x00007ffcc9318000 	C:\WINDOWS\system32\wshunix.dll

dbghelp: loaded successfully - version: 4.0.5 - missing functions: none
symbol engine: initialized successfully - sym options: 0x614 - pdb path: .;C:\Users\79511\.jdks\openjdk-21\bin;C:\WINDOWS\SYSTEM32;C:\WINDOWS\WinSxS\amd64_microsoft.windows.common-controls_6595b64144ccf1df_6.0.22621.3235_none_270f74e173860f98;C:\Users\79511\.jdks\openjdk-21\bin\server;C:\Users\79511\.gradle\native\c067742578af261105cb4f569cf0c3c89f3d7b1fecec35dd04571415982c5e48\windows-amd64;C:\Users\79511\.gradle\native\38dada09dfb8b06ba9b0570ebf7e218e3eb74d4ef43ca46872605cf95ebc2f47\windows-amd64

VM Arguments:
jvm_args: --add-opens=java.base/java.util=ALL-UNNAMED --add-opens=java.base/java.lang=ALL-UNNAMED --add-opens=java.base/java.lang.invoke=ALL-UNNAMED --add-opens=java.prefs/java.util.prefs=ALL-UNNAMED --add-opens=java.base/java.nio.charset=ALL-UNNAMED --add-opens=java.base/java.net=ALL-UNNAMED --add-opens=java.base/java.util.concurrent.atomic=ALL-UNNAMED -XX:MaxMetaspaceSize=384m -XX:+HeapDumpOnOutOfMemoryError -Xms256m -Xmx512m -Dfile.encoding=windows-1251 -Duser.country=US -Duser.language=en -Duser.variant -javaagent:C:\Users\79511\.gradle\wrapper\dists\gradle-8.7-bin\bhs2wmbdwecv87pi65oeuq5iu\gradle-8.7\lib\agents\gradle-instrumentation-agent-8.7.jar 
java_command: org.gradle.launcher.daemon.bootstrap.GradleDaemon 8.7
java_class_path (initial): C:\Users\79511\.gradle\wrapper\dists\gradle-8.7-bin\bhs2wmbdwecv87pi65oeuq5iu\gradle-8.7\lib\gradle-launcher-8.7.jar
Launcher Type: SUN_STANDARD

[Global flags]
     intx CICompilerCount                          = 3                                         {product} {ergonomic}
   size_t CompressedClassSpaceSize                 = 335544320                                 {product} {ergonomic}
     uint ConcGCThreads                            = 1                                         {product} {ergonomic}
     uint G1ConcRefinementThreads                  = 4                                         {product} {ergonomic}
   size_t G1HeapRegionSize                         = 1048576                                   {product} {ergonomic}
    uintx GCDrainStackTargetSize                   = 64                                        {product} {ergonomic}
     bool HeapDumpOnOutOfMemoryError               = true                                   {manageable} {command line}
   size_t InitialHeapSize                          = 268435456                                 {product} {command line}
   size_t MarkStackSize                            = 4194304                                   {product} {ergonomic}
   size_t MaxHeapSize                              = 536870912                                 {product} {command line}
   size_t MaxMetaspaceSize                         = 402653184                                 {product} {command line}
   size_t MaxNewSize                               = 321912832                                 {product} {ergonomic}
   size_t MinHeapDeltaBytes                        = 1048576                                   {product} {ergonomic}
   size_t MinHeapSize                              = 268435456                                 {product} {command line}
    uintx NonNMethodCodeHeapSize                   = 5832780                                {pd product} {ergonomic}
    uintx NonProfiledCodeHeapSize                  = 122912730                              {pd product} {ergonomic}
    uintx ProfiledCodeHeapSize                     = 122912730                              {pd product} {ergonomic}
    uintx ReservedCodeCacheSize                    = 251658240                              {pd product} {ergonomic}
     bool SegmentedCodeCache                       = true                                      {product} {ergonomic}
   size_t SoftMaxHeapSize                          = 536870912                              {manageable} {ergonomic}
     bool UseCompressedOops                        = true                           {product lp64_product} {ergonomic}
     bool UseG1GC                                  = true                                      {product} {ergonomic}
     bool UseLargePagesIndividualAllocation        = false                                  {pd product} {ergonomic}

Logging:
Log output configuration:
 #0: stdout all=warning uptime,level,tags foldmultilines=false
 #1: stderr all=off uptime,level,tags foldmultilines=false

Environment Variables:
JAVA_HOME=C:\Users\79511\.jdks\openjdk-21
PATH=C:\Windows\System32\HWAudioDriverLibs;C:\Windows\system32;C:\Windows;C:\Windows\System32\Wbem;C:\Windows\System32\WindowsPowerShell\v1.0\;C:\Windows\System32\OpenSSH\;C:\Users\Administrator\AppData\Local\Microsoft\WindowsApps;C:\Program Files\Git\cmd;C:\WINDOWS\system32;C:\WINDOWS;C:\WINDOWS\System32\Wbem;C:\WINDOWS\System32\WindowsPowerShell\v1.0\;C:\WINDOWS\System32\OpenSSH\;C:\Program Files (x86)\NVIDIA Corporation\PhysX\Common;C:\Users\79511\.jdks\openjdk-21;C:\Program Files\Go\bin;C:\Program Files\Docker\Docker\resources\bin;C:\Users\79511\AppData\Local\Microsoft\WindowsApps;D:\kotlinc\bin;C:\Users\79511\.jdks\openjdk-21\bin\;C:\Users\79511\go\bin
USERNAME=79511
OS=Windows_NT
PROCESSOR_IDENTIFIER=Intel64 Family 6 Model 140 Stepping 1, GenuineIntel
TMP=C:\Users\79511\AppData\Local\Temp
TEMP=C:\Users\79511\AppData\Local\Temp




---------------  S Y S T E M  ---------------

OS:
 Windows 11 , 64 bit Build 22621 (10.0.22621.3374)
OS uptime: 0 days 1:25 hours
Hyper-V role detected

CPU: total 4 (initial active 4) (2 cores per cpu, 2 threads per core) family 6 model 140 stepping 1 microcode 0x8a, cx8, cmov, fxsr, ht, mmx, 3dnowpref, sse, sse2, sse3, ssse3, sse4.1, sse4.2, popcnt, lzcnt, tsc, tscinvbit, avx, avx2, aes, erms, clmul, bmi1, bmi2, adx, avx512f, avx512dq, avx512cd, avx512bw, avx512vl, sha, fma, vzeroupper, avx512_vpopcntdq, avx512_vpclmulqdq, avx512_vaes, avx512_vnni, clflush, clflushopt, clwb, avx512_vbmi2, avx512_vbmi, hv, rdtscp, rdpid, fsrm, gfni, avx512_bitalg, f16c, cet_ibt, cet_ss, avx512_ifma
Processor Information for all 4 processors :
  Max Mhz: 2995, Current Mhz: 2995, Mhz Limit: 2995

Memory: 4k page, system-wide physical 7991M (187M free)
TotalPageFile size 12991M (AvailPageFile size 7M)
current process WorkingSet (physical memory assigned to process): 428M, peak: 430M
current process commit charge ("private bytes"): 479M, peak: 481M

vm_info: OpenJDK 64-Bit Server VM (21+35-2513) for windows-amd64 JRE (21+35-2513), built on 2023-08-09T20:25:10Z by "mach5one" with MS VC++ 17.1 (VS2022)

END.
